<?xml version="1.0" encoding="utf-8"?><testsuites name="pytest tests"><testsuite name="pytest" errors="0" failures="0" skipped="0" tests="381" time="16.551" timestamp="2026-08-01T09:24:37.841541+00:00" hostname="atum"><testcase classname="tests.test_hsp04_contract" name="test_hsp04_canonical_json_and_journal_field_set_are_path_independent" time="0.001" /><testcase classname="tests.test_hsp04_contract" name="test_hsp04_every_canonical_artifact_kind_uses_the_exact_envelope[search]" time="0.001" /><testcase classname="tests.test_hsp04_contract" name="test_hsp04_every_canonical_artifact_kind_uses_the_exact_envelope[extract]" time="0.001" /><testcase classname="tests.test_hsp04_contract" name="test_hsp04_every_canonical_artifact_kind_uses_the_exact_envelope[capture]" time="0.001" /><testcase classname="tests.test_hsp04_contract" name="test_hsp04_every_canonical_artifact_kind_uses_the_exact_envelope[transcription]" time="0.001" /><testcase classname="tests.test_hsp04_contract" name="test_hsp04_every_canonical_artifact_kind_uses_the_exact_envelope[import]" time="0.001" /><testcase classname="tests.test_hsp04_contract" name="test_hsp04_every_canonical_artifact_kind_uses_the_exact_envelope[refusal]" time="0.000" /><testcase classname="tests.test_hsp04_contract" name="test_hsp04_every_canonical_artifact_kind_uses_the_exact_envelope[failure]" time="0.001" /><testcase classname="tests.test_hsp04_contract" name="test_hsp04_every_canonical_artifact_kind_uses_the_exact_envelope[recovery]" time="0.001" /><testcase classname="tests.test_hsp04_contract" name="test_hsp04_forbidden_canonical_fields_fail_closed[summary]" time="0.000" /><testcase classname="tests.test_hsp04_contract" name="test_hsp04_forbidden_canonical_fields_fail_closed[priority]" time="0.000" /><testcase classname="tests.test_hsp04_contract" name="test_hsp04_forbidden_canonical_fields_fail_closed[status]" time="0.000" /><testcase classname="tests.test_hsp04_contract" name="test_hsp04_forbidden_canonical_fields_fail_closed[next_action]" time="0.000" /><testcase classname="tests.test_hsp04_contract" name="test_hsp04_forbidden_canonical_fields_fail_closed[approval]" time="0.001" /><testcase classname="tests.test_hsp04_contract" name="test_hsp04_forbidden_canonical_fields_fail_closed[crm]" time="0.001" /><testcase classname="tests.test_hsp04_contract" name="test_hsp04_forbidden_canonical_fields_fail_closed[wiki]" time="0.000" /><testcase classname="tests.test_hsp04_contract" name="test_hsp04_forbidden_canonical_fields_fail_closed[domain_tags]" time="0.000" /><testcase classname="tests.test_hsp04_contract" name="test_hsp04_request_contract_rejects_unknown_principal_and_unknown_fields" time="0.001" /><testcase classname="tests.test_hsp05_transactions" name="test_hsp05_process_kill_equivalent_crash_points_recover_one_durable_commit[before_provider_call]" time="0.116" /><testcase classname="tests.test_hsp05_transactions" name="test_hsp05_process_kill_equivalent_crash_points_recover_one_durable_commit[after_provider_return_before_publish]" time="0.116" /><testcase classname="tests.test_hsp05_transactions" name="test_hsp05_process_kill_equivalent_crash_points_recover_one_durable_commit[after_record_publish_before_journal_fsync]" time="0.102" /><testcase classname="tests.test_hsp05_transactions" name="test_hsp05_process_kill_equivalent_crash_points_recover_one_durable_commit[after_journal_fsync_before_response]" time="0.152" /><testcase classname="tests.test_hsp05_transactions" name="test_hsp05_real_process_kill_recovers_once_and_preserves_retry_identity[before_provider_call]" time="0.233" /><testcase classname="tests.test_hsp05_transactions" name="test_hsp05_real_process_kill_recovers_once_and_preserves_retry_identity[after_provider_return_before_publish]" time="0.210" /><testcase classname="tests.test_hsp05_transactions" name="test_hsp05_real_process_kill_recovers_once_and_preserves_retry_identity[after_record_publish_before_journal_fsync]" time="0.221" /><testcase classname="tests.test_hsp05_transactions" name="test_hsp05_real_process_kill_recovers_once_and_preserves_retry_identity[after_journal_fsync_before_response]" time="0.235" /><testcase classname="tests.test_hsp05_transactions" name="test_hsp05_failures_are_records_and_key_collision_fails_closed" time="0.054" /><testcase classname="tests.test_hsp05_transactions" name="test_hsp05_idempotency_replay_tamper_matrix_fails_closed" time="0.214" /><testcase classname="tests.test_hsp05_transactions" name="test_hsp05_provider_failure_matrix_is_explicit_and_durable[failed-diagnostic0]" time="0.115" /><testcase classname="tests.test_hsp05_transactions" name="test_hsp05_provider_failure_matrix_is_explicit_and_durable[failed-diagnostic1]" time="0.108" /><testcase classname="tests.test_hsp05_transactions" name="test_hsp05_provider_failure_matrix_is_explicit_and_durable[partial-diagnostic2]" time="0.103" /><testcase classname="tests.test_hsp05_transactions" name="test_hsp05_provider_failure_matrix_is_explicit_and_durable[partial-diagnostic3]" time="0.122" /><testcase classname="tests.test_hsp05_transactions" name="test_hsp05_provider_failure_matrix_is_explicit_and_durable[refused-diagnostic4]" time="0.098" /><testcase classname="tests.test_hsp05_transactions" name="test_hsp05_provider_failure_matrix_is_explicit_and_durable[interrupted-diagnostic5]" time="0.106" /><testcase classname="tests.test_hsp05_transactions" name="test_hsp05_missing_or_stale_head_reconciles_without_verify_repair[missing]" time="0.127" /><testcase classname="tests.test_hsp05_transactions" name="test_hsp05_missing_or_stale_head_reconciles_without_verify_repair[stale]" time="0.127" /><testcase classname="tests.test_hsp05_transactions" name="test_hsp05_idempotency_scope_uses_authenticated_principal_not_request_owner" time="0.076" /><testcase classname="tests.test_hsp07_dedupe" name="test_hsp07_equal_blob_occurrences_are_distinct_events_and_concurrent_keys_are_safe" time="0.440" /><testcase classname="tests.test_hsp07_dedupe" name="test_hsp07_object_key_groups_revisions_without_url_destruction" time="0.155" /><testcase classname="tests.test_hsp14_legacy_portability" name="test_hsp14_legacy_bytes_ids_and_hashes_survive_rebuild_and_relocation" time="0.134" /><testcase classname="tests.test_hsp20_verification" name="test_hsp20_delete_rebuild_projection_matches_journal_and_detects_drift" time="0.286" /><testcase classname="tests.test_hsp20_verification" name="test_hsp20_projection_rows_fails_closed_when_root_swaps_during_sqlite_open[symlink]" time="0.058" /><testcase classname="tests.test_hsp20_verification" name="test_hsp20_projection_rows_fails_closed_when_root_swaps_during_sqlite_open[directory]" time="0.074" /><testcase classname="tests.test_hsp20_verification" name="test_hsp20_projection_swap_back_uses_held_root_and_never_writes_outside[rows]" time="0.063" /><testcase classname="tests.test_hsp20_verification" name="test_hsp20_projection_swap_back_uses_held_root_and_never_writes_outside[verify]" time="0.095" /><testcase classname="tests.test_hsp20_verification" name="test_hsp20_projection_swap_back_uses_held_root_and_never_writes_outside[delete]" time="0.063" /><testcase classname="tests.test_hsp20_verification" name="test_hsp20_projection_swap_back_uses_held_root_and_never_writes_outside[rebuild]" time="0.094" /><testcase classname="tests.test_hsp20_verification" name="test_hsp20_verify_store_never_accepts_replacement_truth_during_projection_open[symlink]" time="0.144" /><testcase classname="tests.test_hsp20_verification" name="test_hsp20_verify_store_never_accepts_replacement_truth_during_projection_open[directory]" time="0.097" /><testcase classname="tests.test_hsp20_verification" name="test_hsp20_projection_rebuild_fails_closed_when_root_swaps_during_sqlite_open_empty[symlink]" time="0.015" /><testcase classname="tests.test_hsp20_verification" name="test_hsp20_projection_rebuild_fails_closed_when_root_swaps_during_sqlite_open_empty[directory]" time="0.016" /><testcase classname="tests.test_hsp20_verification" name="test_hsp20_projection_rebuild_fails_closed_when_root_swaps_during_sqlite_open_populated[symlink]" time="0.117" /><testcase classname="tests.test_hsp20_verification" name="test_hsp20_projection_rebuild_fails_closed_when_root_swaps_during_sqlite_open_populated[directory]" time="0.077" /><testcase classname="tests.test_hsp20_verification" name="test_hsp20_projection_delete_fails_closed_when_root_swaps_around_unlink[symlink]" time="0.089" /><testcase classname="tests.test_hsp20_verification" name="test_hsp20_projection_delete_fails_closed_when_root_swaps_around_unlink[directory]" time="0.096" /><testcase classname="tests.test_hsp20_verification" name="test_hsp20_projection_rows_refuses_leaf_replacement_during_sqlite_open[symlink]" time="0.113" /><testcase classname="tests.test_hsp20_verification" name="test_hsp20_projection_rows_refuses_leaf_replacement_during_sqlite_open[different-file]" time="0.075" /><testcase classname="tests.test_hsp20_verification" name="test_hsp20_projection_rows_refuses_leaf_swap_back_during_sqlite_open" time="0.084" /><testcase classname="tests.test_hsp20_verification" name="test_hsp20_verify_store_never_accepts_leaf_replacement_truth[symlink]" time="0.105" /><testcase classname="tests.test_hsp20_verification" name="test_hsp20_verify_store_never_accepts_leaf_replacement_truth[different-file]" time="0.096" /><testcase classname="tests.test_hsp20_verification" name="test_hsp20_projection_rebuild_refuses_leaf_replacement_without_outside_write[False-symlink]" time="0.014" /><testcase classname="tests.test_hsp20_verification" name="test_hsp20_projection_rebuild_refuses_leaf_replacement_without_outside_write[False-different-file]" time="0.014" /><testcase classname="tests.test_hsp20_verification" name="test_hsp20_projection_rebuild_refuses_leaf_replacement_without_outside_write[True-symlink]" time="0.097" /><testcase classname="tests.test_hsp20_verification" name="test_hsp20_projection_rebuild_refuses_leaf_replacement_without_outside_write[True-different-file]" time="0.095" /><testcase classname="tests.test_hsp20_verification" name="test_hsp20_projection_delete_refuses_leaf_replacement_around_unlink[symlink]" time="0.110" /><testcase classname="tests.test_hsp20_verification" name="test_hsp20_projection_delete_refuses_leaf_replacement_around_unlink[different-file]" time="0.063" /><testcase classname="tests.test_hsp20_verification" name="test_hsp20_projection_refuses_preexisting_leaf_symlink" time="0.011" /><testcase classname="tests.test_hsp20_verification" name="test_hsp20_projection_rows_are_read_only_and_projection_fds_are_flat" time="0.124" /><testcase classname="tests.test_hsp20_verification" name="test_hsp20_preexisting_symlink_in_any_supplied_root_component_has_no_effects[houndd-root]" time="0.001" /><testcase classname="tests.test_hsp20_verification" name="test_hsp20_preexisting_symlink_in_any_supplied_root_component_has_no_effects[houndd-parent]" time="0.001" /><testcase classname="tests.test_hsp20_verification" name="test_hsp20_preexisting_symlink_in_any_supplied_root_component_has_no_effects[houndd-intermediate]" time="0.001" /><testcase classname="tests.test_hsp20_verification" name="test_hsp20_preexisting_symlink_in_any_supplied_root_component_has_no_effects[houndd-grandparent]" time="0.001" /><testcase classname="tests.test_hsp20_verification" name="test_hsp20_preexisting_symlink_in_any_supplied_root_component_has_no_effects[records-root]" time="0.001" /><testcase classname="tests.test_hsp20_verification" name="test_hsp20_preexisting_symlink_in_any_supplied_root_component_has_no_effects[records-parent]" time="0.001" /><testcase classname="tests.test_hsp20_verification" name="test_hsp20_preexisting_symlink_in_any_supplied_root_component_has_no_effects[records-intermediate]" time="0.001" /><testcase classname="tests.test_hsp20_verification" name="test_hsp20_preexisting_symlink_in_any_supplied_root_component_has_no_effects[records-grandparent]" time="0.001" /><testcase classname="tests.test_hsp20_verification" name="test_hsp20_preexisting_symlink_in_any_supplied_root_component_has_no_effects[journal-root]" time="0.001" /><testcase classname="tests.test_hsp20_verification" name="test_hsp20_preexisting_symlink_in_any_supplied_root_component_has_no_effects[journal-parent]" time="0.001" /><testcase classname="tests.test_hsp20_verification" name="test_hsp20_preexisting_symlink_in_any_supplied_root_component_has_no_effects[journal-intermediate]" time="0.001" /><testcase classname="tests.test_hsp20_verification" name="test_hsp20_preexisting_symlink_in_any_supplied_root_component_has_no_effects[journal-grandparent]" time="0.001" /><testcase classname="tests.test_hsp20_verification" name="test_hsp20_preexisting_symlink_in_any_supplied_root_component_has_no_effects[transactions-root]" time="0.001" /><testcase classname="tests.test_hsp20_verification" name="test_hsp20_preexisting_symlink_in_any_supplied_root_component_has_no_effects[transactions-parent]" time="0.001" /><testcase classname="tests.test_hsp20_verification" name="test_hsp20_preexisting_symlink_in_any_supplied_root_component_has_no_effects[transactions-intermediate]" time="0.001" /><testcase classname="tests.test_hsp20_verification" name="test_hsp20_preexisting_symlink_in_any_supplied_root_component_has_no_effects[transactions-grandparent]" time="0.001" /><testcase classname="tests.test_hsp20_verification" name="test_hsp20_preexisting_symlink_in_any_supplied_root_component_has_no_effects[projection-root]" time="0.001" /><testcase classname="tests.test_hsp20_verification" name="test_hsp20_preexisting_symlink_in_any_supplied_root_component_has_no_effects[projection-parent]" time="0.001" /><testcase classname="tests.test_hsp20_verification" name="test_hsp20_preexisting_symlink_in_any_supplied_root_component_has_no_effects[projection-intermediate]" time="0.001" /><testcase classname="tests.test_hsp20_verification" name="test_hsp20_preexisting_symlink_in_any_supplied_root_component_has_no_effects[projection-grandparent]" time="0.001" /><testcase classname="tests.test_hsp20_verification" name="test_hsp20_projection_rejects_unsafe_missing_root_spelling_but_allows_normal_absence[]" time="0.001" /><testcase classname="tests.test_hsp20_verification" name="test_hsp20_projection_rejects_unsafe_missing_root_spelling_but_allows_normal_absence[safe/../missing]" time="0.001" /><testcase classname="tests.test_hsp20_verification" name="test_hsp20_projection_rejects_unsafe_missing_root_spelling_but_allows_normal_absence[safe/./missing]" time="0.001" /><testcase classname="tests.test_hsp20_verification" name="test_hsp20_rejected_root_construction_keeps_ancestor_fds_flat" time="0.006" /><testcase classname="tests.test_hsp20_verification" name="test_hsp20_anchored_leaf_validation_failures_are_fd_flat_and_nonmutating[read]" time="0.051" /><testcase classname="tests.test_hsp20_verification" name="test_hsp20_anchored_leaf_validation_failures_are_fd_flat_and_nonmutating[append]" time="0.032" /><testcase classname="tests.test_hsp20_verification" name="test_hsp20_lasting_ancestry_replacement_refuses_before_public_operation_effects[record_read-parent]" time="0.089" /><testcase classname="tests.test_hsp20_verification" name="test_hsp20_lasting_ancestry_replacement_refuses_before_public_operation_effects[record_read-intermediate]" time="0.088" /><testcase classname="tests.test_hsp20_verification" name="test_hsp20_lasting_ancestry_replacement_refuses_before_public_operation_effects[record_read-grandparent]" time="0.085" /><testcase classname="tests.test_hsp20_verification" name="test_hsp20_lasting_ancestry_replacement_refuses_before_public_operation_effects[record_write-parent]" time="0.117" /><testcase classname="tests.test_hsp20_verification" name="test_hsp20_lasting_ancestry_replacement_refuses_before_public_operation_effects[record_write-intermediate]" time="0.096" /><testcase classname="tests.test_hsp20_verification" name="test_hsp20_lasting_ancestry_replacement_refuses_before_public_operation_effects[record_write-grandparent]" time="0.109" /><testcase classname="tests.test_hsp20_verification" name="test_hsp20_lasting_ancestry_replacement_refuses_before_public_operation_effects[record_list-parent]" time="0.103" /><testcase classname="tests.test_hsp20_verification" name="test_hsp20_lasting_ancestry_replacement_refuses_before_public_operation_effects[record_list-intermediate]" time="0.129" /><testcase classname="tests.test_hsp20_verification" name="test_hsp20_lasting_ancestry_replacement_refuses_before_public_operation_effects[record_list-grandparent]" time="0.122" /><testcase classname="tests.test_hsp20_verification" name="test_hsp20_lasting_ancestry_replacement_refuses_before_public_operation_effects[blob_write-parent]" time="0.088" /><testcase classname="tests.test_hsp20_verification" name="test_hsp20_lasting_ancestry_replacement_refuses_before_public_operation_effects[blob_write-intermediate]" time="0.090" /><testcase classname="tests.test_hsp20_verification" name="test_hsp20_lasting_ancestry_replacement_refuses_before_public_operation_effects[blob_write-grandparent]" time="0.140" /><testcase classname="tests.test_hsp20_verification" name="test_hsp20_lasting_ancestry_replacement_refuses_before_public_operation_effects[journal_read-parent]" time="0.104" /><testcase classname="tests.test_hsp20_verification" name="test_hsp20_lasting_ancestry_replacement_refuses_before_public_operation_effects[journal_read-intermediate]" time="0.092" /><testcase classname="tests.test_hsp20_verification" name="test_hsp20_lasting_ancestry_replacement_refuses_before_public_operation_effects[journal_read-grandparent]" time="0.143" /><testcase classname="tests.test_hsp20_verification" name="test_hsp20_lasting_ancestry_replacement_refuses_before_public_operation_effects[journal_append-parent]" time="0.119" /><testcase classname="tests.test_hsp20_verification" name="test_hsp20_lasting_ancestry_replacement_refuses_before_public_operation_effects[journal_append-intermediate]" time="0.100" /><testcase classname="tests.test_hsp20_verification" name="test_hsp20_lasting_ancestry_replacement_refuses_before_public_operation_effects[journal_append-grandparent]" time="0.085" /><testcase classname="tests.test_hsp20_verification" name="test_hsp20_lasting_ancestry_replacement_refuses_before_public_operation_effects[transaction_begin-parent]" time="0.128" /><testcase classname="tests.test_hsp20_verification" name="test_hsp20_lasting_ancestry_replacement_refuses_before_public_operation_effects[transaction_begin-intermediate]" time="0.095" /><testcase classname="tests.test_hsp20_verification" name="test_hsp20_lasting_ancestry_replacement_refuses_before_public_operation_effects[transaction_begin-grandparent]" time="0.091" /><testcase classname="tests.test_hsp20_verification" name="test_hsp20_lasting_ancestry_replacement_refuses_before_public_operation_effects[transaction_commit-parent]" time="0.141" /><testcase classname="tests.test_hsp20_verification" name="test_hsp20_lasting_ancestry_replacement_refuses_before_public_operation_effects[transaction_commit-intermediate]" time="0.107" /><testcase classname="tests.test_hsp20_verification" name="test_hsp20_lasting_ancestry_replacement_refuses_before_public_operation_effects[transaction_commit-grandparent]" time="0.111" /><testcase classname="tests.test_hsp20_verification" name="test_hsp20_lasting_ancestry_replacement_refuses_before_public_operation_effects[projection_rows-parent]" time="0.087" /><testcase classname="tests.test_hsp20_verification" name="test_hsp20_lasting_ancestry_replacement_refuses_before_public_operation_effects[projection_rows-intermediate]" time="0.085" /><testcase classname="tests.test_hsp20_verification" name="test_hsp20_lasting_ancestry_replacement_refuses_before_public_operation_effects[projection_rows-grandparent]" time="0.104" /><testcase classname="tests.test_hsp20_verification" name="test_hsp20_lasting_ancestry_replacement_refuses_before_public_operation_effects[projection_verify-parent]" time="0.115" /><testcase classname="tests.test_hsp20_verification" name="test_hsp20_lasting_ancestry_replacement_refuses_before_public_operation_effects[projection_verify-intermediate]" time="0.121" /><testcase classname="tests.test_hsp20_verification" name="test_hsp20_lasting_ancestry_replacement_refuses_before_public_operation_effects[projection_verify-grandparent]" time="0.084" /><testcase classname="tests.test_hsp20_verification" name="test_hsp20_lasting_ancestry_replacement_refuses_before_public_operation_effects[projection_delete-parent]" time="0.103" /><testcase classname="tests.test_hsp20_verification" name="test_hsp20_lasting_ancestry_replacement_refuses_before_public_operation_effects[projection_delete-intermediate]" time="0.113" /><testcase classname="tests.test_hsp20_verification" name="test_hsp20_lasting_ancestry_replacement_refuses_before_public_operation_effects[projection_delete-grandparent]" time="0.093" /><testcase classname="tests.test_hsp20_verification" name="test_hsp20_lasting_ancestry_replacement_refuses_before_public_operation_effects[projection_rebuild-parent]" time="0.075" /><testcase classname="tests.test_hsp20_verification" name="test_hsp20_lasting_ancestry_replacement_refuses_before_public_operation_effects[projection_rebuild-intermediate]" time="0.079" /><testcase classname="tests.test_hsp20_verification" name="test_hsp20_lasting_ancestry_replacement_refuses_before_public_operation_effects[projection_rebuild-grandparent]" time="0.129" /><testcase classname="tests.test_hsp20_verification" name="test_hsp20_unrelated_parent_sibling_churn_does_not_poison_initialized_store" time="0.845" /><testcase classname="tests.test_hsp20_verification" name="test_hsp20_canonical_store_bytes_never_include_the_absolute_filesystem_path" time="0.074" /><testcase classname="tests.test_hsp20_verification" name="test_hsp20_tamper_and_orphans_fail_independent_verification" time="0.290" /><testcase classname="tests.test_hsp20_verification" name="test_hsp20_root_swap_fails_closed_for_all_public_store_operations[record_read-UnsafeStoreError-symlink]" time="0.075" /><testcase classname="tests.test_hsp20_verification" name="test_hsp20_root_swap_fails_closed_for_all_public_store_operations[record_read-UnsafeStoreError-directory]" time="0.089" /><testcase classname="tests.test_hsp20_verification" name="test_hsp20_root_swap_fails_closed_for_all_public_store_operations[record_write-UnsafeStoreError-symlink]" time="0.107" /><testcase classname="tests.test_hsp20_verification" name="test_hsp20_root_swap_fails_closed_for_all_public_store_operations[record_write-UnsafeStoreError-directory]" time="0.075" /><testcase classname="tests.test_hsp20_verification" name="test_hsp20_root_swap_fails_closed_for_all_public_store_operations[record_list-UnsafeStoreError-symlink]" time="0.114" /><testcase classname="tests.test_hsp20_verification" name="test_hsp20_root_swap_fails_closed_for_all_public_store_operations[record_list-UnsafeStoreError-directory]" time="0.103" /><testcase classname="tests.test_hsp20_verification" name="test_hsp20_root_swap_fails_closed_for_all_public_store_operations[blob_write-UnsafeStoreError-symlink]" time="0.103" /><testcase classname="tests.test_hsp20_verification" name="test_hsp20_root_swap_fails_closed_for_all_public_store_operations[blob_write-UnsafeStoreError-directory]" time="0.070" /><testcase classname="tests.test_hsp20_verification" name="test_hsp20_root_swap_fails_closed_for_all_public_store_operations[journal_entries-UnsafeStoreError-symlink]" time="0.072" /><testcase classname="tests.test_hsp20_verification" name="test_hsp20_root_swap_fails_closed_for_all_public_store_operations[journal_entries-UnsafeStoreError-directory]" time="0.106" /><testcase classname="tests.test_hsp20_verification" name="test_hsp20_root_swap_fails_closed_for_all_public_store_operations[journal_append-UnsafeStoreError-symlink]" time="0.073" /><testcase classname="tests.test_hsp20_verification" name="test_hsp20_root_swap_fails_closed_for_all_public_store_operations[journal_append-UnsafeStoreError-directory]" time="0.072" /><testcase classname="tests.test_hsp20_verification" name="test_hsp20_root_swap_fails_closed_for_all_public_store_operations[transaction_begin-TransactionError-symlink]" time="0.064" /><testcase classname="tests.test_hsp20_verification" name="test_hsp20_root_swap_fails_closed_for_all_public_store_operations[transaction_begin-TransactionError-directory]" time="0.061" /><testcase classname="tests.test_hsp20_verification" name="test_hsp20_root_swap_fails_closed_for_all_public_store_operations[transaction_commit-TransactionError-symlink]" time="0.102" /><testcase classname="tests.test_hsp20_verification" name="test_hsp20_root_swap_fails_closed_for_all_public_store_operations[transaction_commit-TransactionError-directory]" time="0.087" /><testcase classname="tests.test_hsp20_verification" name="test_hsp20_root_swap_fails_closed_for_all_public_store_operations[projection_rows-UnsafeStoreError-symlink]" time="0.100" /><testcase classname="tests.test_hsp20_verification" name="test_hsp20_root_swap_fails_closed_for_all_public_store_operations[projection_rows-UnsafeStoreError-directory]" time="0.071" /><testcase classname="tests.test_hsp20_verification" name="test_hsp20_root_swap_fails_closed_for_all_public_store_operations[projection_rebuild-UnsafeStoreError-symlink]" time="0.083" /><testcase classname="tests.test_hsp20_verification" name="test_hsp20_root_swap_fails_closed_for_all_public_store_operations[projection_rebuild-UnsafeStoreError-directory]" time="0.113" /><testcase classname="tests.test_hsp20_verification" name="test_hsp20_verify_store_closes_verifier_anchors_on_success_and_failure" time="1.048" /><testcase classname="tests.test_hsp20_verification" name="test_hsp20_swapped_parents_fail_closed_after_init[records-read]" time="0.079" /><testcase classname="tests.test_hsp20_verification" name="test_hsp20_swapped_parents_fail_closed_after_init[legacy-write]" time="0.071" /><testcase classname="tests.test_hsp20_verification" name="test_hsp20_swapped_parents_fail_closed_after_init[journal-read]" time="0.066" /><testcase classname="tests.test_hsp20_verification" name="test_hsp20_swapped_parents_fail_closed_after_init[transactions-begin]" time="0.091" /><testcase classname="tests.test_hsp20_verification" name="test_hsp20_journal_chain_sequence_and_orphan_event_tampering_fails_closed" time="0.184" /><testcase classname="tests.test_hsp20_verification" name="test_hsp20_idempotency_stage_and_existing_file_modes_are_verified" time="0.279" /><testcase classname="tests.test_hsp20_verification" name="test_hsp20_verify_missing_store_is_invalid_without_creating_root" time="0.001" /><testcase classname="tests.test_hsp20_verification" name="test_hsp20_new_sqlite_is_owner_only" time="0.063" /><testcase classname="tests.test_hsp20_verification" name="test_hsp20_projection_rebuild_rolls_back_on_fault_and_unsafe_modes_fail_closed" time="0.136" /><testcase classname="tests.test_hsp20_verification" name="test_hsp20_rebuild_mid_temp_write_preserves_prior_projection_bytes_and_rows" time="0.198" /><testcase classname="tests.test_hsp20_verification" name="test_hsp20_rebuild_pre_replace_failures_leave_prior_projection_intact[temp_write]" time="0.072" /><testcase classname="tests.test_hsp20_verification" name="test_hsp20_rebuild_pre_replace_failures_leave_prior_projection_intact[temp_fsync]" time="0.075" /><testcase classname="tests.test_hsp20_verification" name="test_hsp20_rebuild_pre_replace_failures_leave_prior_projection_intact[replace]" time="0.069" /><testcase classname="tests.test_hsp20_verification" name="test_hsp20_successful_rebuild_publishes_private_bytes_and_syncs_directory" time="0.093" /><testcase classname="tests.test_hsp20_verification" name="test_hsp20_rebuild_reclaims_private_stale_projection_temps" time="0.071" /><testcase classname="tests.test_hsp20_verification" name="test_hsp20_rebuild_refuses_unsafe_stale_projection_temp_without_outside_write" time="0.091" /><testcase classname="tests.test_hsp20_verification" name="test_hsp20_rebuild_preserves_stale_temp_replaced_during_reclamation" time="0.059" /><testcase classname="tests.test_hsp20_verification" name="test_hsp20_post_lstat_leaf_swap_is_rejected[rows]" time="0.078" /><testcase classname="tests.test_hsp20_verification" name="test_hsp20_post_lstat_leaf_swap_is_rejected[verify]" time="0.124" /><testcase classname="tests.test_hsp20_verification" name="test_hsp20_post_lstat_swap_back_is_rejected_by_directory_generation" time="0.072" /><testcase classname="tests.test_hsp20_verification" name="test_hsp20_initialized_projection_fails_closed_when_root_is_renamed_away[rows]" time="0.076" /><testcase classname="tests.test_hsp20_verification" name="test_hsp20_initialized_projection_fails_closed_when_root_is_renamed_away[delete]" time="0.101" /><testcase classname="tests.test_hsp20_verification" name="test_hsp20_initialized_projection_fails_closed_when_root_is_renamed_away[rebuild]" time="0.100" /><testcase classname="tests.test_hsp20_verification" name="test_hsp20_delete_rejects_replacement_created_during_final_absence_check" time="0.058" /><testcase classname="tests.test_hsp20_verification" name="test_hsp20_clean_delete_syncs_and_leaves_an_absent_projection" time="0.068" /><testcase classname="tests.test_hsp08_cursor" name="test_hsp08_cursor_round_trip_is_stateless_and_immutable" time="0.003" /><testcase classname="tests.test_hsp08_cursor" name="test_hsp08_decoded_cursor_contains_no_sensitive_claim_literals" time="0.001" /><testcase classname="tests.test_hsp08_cursor" name="test_hsp08_nonce_and_binding_context_decorrelate_every_field_commitment" time="0.001" /><testcase classname="tests.test_hsp08_cursor" name="test_hsp08_equal_instants_with_different_offsets_commit_identically" time="0.001" /><testcase classname="tests.test_hsp08_cursor" name="test_hsp08_recovery_uses_full_chronological_tuple_not_sequence_order" time="0.001" /><testcase classname="tests.test_hsp08_cursor" name="test_hsp08_watermark_binds_entry_and_chain_not_only_sequence" time="0.002" /><testcase classname="tests.test_hsp08_cursor" name="test_hsp08_valid_outer_token_scans_every_candidate_exactly_once" time="0.001" /><testcase classname="tests.test_hsp08_cursor" name="test_hsp08_outer_mac_rejection_happens_before_snapshot_scan" time="0.001" /><testcase classname="tests.test_hsp08_cursor" name="test_hsp08_all_binding_and_wire_failures_are_generic" time="0.002" /><testcase classname="tests.test_hsp08_cursor" name="test_hsp08_outer_tag_rejects_fields_mixed_from_valid_tokens" time="0.001" /><testcase classname="tests.test_hsp08_cursor" name="test_hsp08_restart_rotation_overlap_and_retirement" time="0.001" /><testcase classname="tests.test_hsp08_cursor" name="test_hsp08_snapshot_sequences_must_be_contiguous_from_zero_and_entry_ids_unique[candidates0]" time="0.001" /><testcase classname="tests.test_hsp08_cursor" name="test_hsp08_snapshot_sequences_must_be_contiguous_from_zero_and_entry_ids_unique[candidates1]" time="0.001" /><testcase classname="tests.test_hsp08_cursor" name="test_hsp08_snapshot_sequences_must_be_contiguous_from_zero_and_entry_ids_unique[candidates2]" time="0.001" /><testcase classname="tests.test_hsp08_cursor" name="test_hsp08_cursor_rejects_missing_positions_or_invalid_bounds" time="0.001" /><testcase classname="tests.test_hsp08_cursor" name="test_hsp08_keyring_is_strict_and_secrets_are_at_least_32_bytes[missing-keys0]" time="0.001" /><testcase classname="tests.test_hsp08_cursor" name="test_hsp08_keyring_is_strict_and_secrets_are_at_least_32_bytes[-keys1]" time="0.001" /><testcase classname="tests.test_hsp08_cursor" name="test_hsp08_keyring_is_strict_and_secrets_are_at_least_32_bytes[has space-keys2]" time="0.001" /><testcase classname="tests.test_hsp08_cursor" name="test_hsp08_keyring_is_strict_and_secrets_are_at_least_32_bytes[xxxxxxxxxxxxxxxxxxxxxxxxxxxxxxxxx-keys3]" time="0.000" /><testcase classname="tests.test_hsp08_cursor" name="test_hsp08_keyring_is_strict_and_secrets_are_at_least_32_bytes[short-keys4]" time="0.000" /><testcase classname="tests.test_hsp08_cursor" name="test_hsp08_nonce_source_must_return_exactly_16_bytes" time="0.000" /><testcase classname="tests.test_hsp08_cursor" name="test_hsp08_candidate_contract_is_strict[kwargs0]" time="0.000" /><testcase classname="tests.test_hsp08_cursor" name="test_hsp08_candidate_contract_is_strict[kwargs1]" time="0.000" /><testcase classname="tests.test_hsp08_cursor" name="test_hsp08_candidate_contract_is_strict[kwargs2]" time="0.000" /><testcase classname="tests.test_hsp08_cursor" name="test_hsp08_candidate_contract_is_strict[kwargs3]" time="0.000" /><testcase classname="tests.test_hsp08_cursor" name="test_hsp08_candidate_contract_is_strict[kwargs4]" time="0.000" /><testcase classname="tests.test_hsp08_cursor" name="test_hsp08_candidate_contract_is_strict[kwargs5]" time="0.000" /><testcase classname="tests.test_hsp08_cursor" name="test_hsp08_candidate_contract_is_strict[kwargs6]" time="0.000" /><testcase classname="tests.test_hsp08_cursor" name="test_hsp08_candidate_contract_is_strict[kwargs7]" time="0.000" /><testcase classname="tests.test_hsp08_cursor" name="test_hsp08_candidate_rejects_scalar_subclasses" time="0.000" /><testcase classname="tests.test_hsp08_query_contracts" name="test_hsp08_minimal_query_uses_default_limit_and_is_immutable" time="0.000" /><testcase classname="tests.test_hsp08_query_contracts" name="test_hsp08_exact_filter_family_matrix_normalizes[time_range-value0-expected0]" time="0.000" /><testcase classname="tests.test_hsp08_query_contracts" name="test_hsp08_exact_filter_family_matrix_normalizes[producer-value1-expected1]" time="0.000" /><testcase classname="tests.test_hsp08_query_contracts" name="test_hsp08_exact_filter_family_matrix_normalizes[lane-value2-expected2]" time="0.000" /><testcase classname="tests.test_hsp08_query_contracts" name="test_hsp08_exact_filter_family_matrix_normalizes[topic-value3-expected3]" time="0.000" /><testcase classname="tests.test_hsp08_query_contracts" name="test_hsp08_exact_filter_family_matrix_normalizes[source-value4-expected4]" time="0.000" /><testcase classname="tests.test_hsp08_query_contracts" name="test_hsp08_exact_filter_family_matrix_normalizes[entity-value5-expected5]" time="0.000" /><testcase classname="tests.test_hsp08_query_contracts" name="test_hsp08_exact_filter_family_matrix_normalizes[entry_id-value6-expected6]" time="0.000" /><testcase classname="tests.test_hsp08_query_contracts" name="test_hsp08_exact_filter_family_matrix_normalizes[record_id-value7-expected7]" time="0.000" /><testcase classname="tests.test_hsp08_query_contracts" name="test_hsp08_exact_filter_family_matrix_normalizes[object_key-value8-expected8]" time="0.000" /><testcase classname="tests.test_hsp08_query_contracts" name="test_hsp08_exact_filter_family_matrix_normalizes[content_sha256-value9-expected9]" time="0.000" /><testcase classname="tests.test_hsp08_query_contracts" name="test_hsp08_exact_filter_family_matrix_normalizes[classification-value10-expected10]" time="0.000" /><testcase classname="tests.test_hsp08_query_contracts" name="test_hsp08_exact_filter_family_matrix_normalizes[access-value11-expected11]" time="0.000" /><testcase classname="tests.test_hsp08_query_contracts" name="test_hsp08_multivalue_or_and_cross_field_and_have_one_canonical_hash" time="0.000" /><testcase classname="tests.test_hsp08_query_contracts" name="test_hsp08_timestamp_offsets_hash_as_the_same_utc_instants_and_boundaries_are_exact" time="0.000" /><testcase classname="tests.test_hsp08_query_contracts" name="test_hsp08_arbitrary_strings_and_urls_are_not_normalized" time="0.000" /><testcase classname="tests.test_hsp08_query_contracts" name="test_hsp08_query_parser_rejects_noncanonical_sha256_filters[entry_id-AAAAAAAAAAAAAAAAAAAAAAAAAAAAAAAAAAAAAAAAAAAAAAAAAAAAAAAAAAAAAAAA]" time="0.000" /><testcase classname="tests.test_hsp08_query_contracts" name="test_hsp08_query_parser_rejects_noncanonical_sha256_filters[entry_id-aaaaaaaaaaaaaaaaaaaaaaaaaaaaaaaaaaaaaaaaaaaaaaaaaaaaaaaaaaaaaaa]" time="0.000" /><testcase classname="tests.test_hsp08_query_contracts" name="test_hsp08_query_parser_rejects_noncanonical_sha256_filters[entry_id-gggggggggggggggggggggggggggggggggggggggggggggggggggggggggggggggg]" time="0.000" /><testcase classname="tests.test_hsp08_query_contracts" name="test_hsp08_query_parser_rejects_noncanonical_sha256_filters[content_sha256-AAAAAAAAAAAAAAAAAAAAAAAAAAAAAAAAAAAAAAAAAAAAAAAAAAAAAAAAAAAAAAAA]" time="0.000" /><testcase classname="tests.test_hsp08_query_contracts" name="test_hsp08_query_parser_rejects_noncanonical_sha256_filters[content_sha256-aaaaaaaaaaaaaaaaaaaaaaaaaaaaaaaaaaaaaaaaaaaaaaaaaaaaaaaaaaaaaaa]" time="0.000" /><testcase classname="tests.test_hsp08_query_contracts" name="test_hsp08_query_parser_rejects_noncanonical_sha256_filters[content_sha256-gggggggggggggggggggggggggggggggggggggggggggggggggggggggggggggggg]" time="0.000" /><testcase classname="tests.test_hsp08_query_contracts" name="test_hsp08_direct_query_filter_rejects_noncanonical_sha256_values[entry_id-AAAAAAAAAAAAAAAAAAAAAAAAAAAAAAAAAAAAAAAAAAAAAAAAAAAAAAAAAAAAAAAA]" time="0.000" /><testcase classname="tests.test_hsp08_query_contracts" name="test_hsp08_direct_query_filter_rejects_noncanonical_sha256_values[entry_id-aaaaaaaaaaaaaaaaaaaaaaaaaaaaaaaaaaaaaaaaaaaaaaaaaaaaaaaaaaaaaaa]" time="0.000" /><testcase classname="tests.test_hsp08_query_contracts" name="test_hsp08_direct_query_filter_rejects_noncanonical_sha256_values[entry_id-gggggggggggggggggggggggggggggggggggggggggggggggggggggggggggggggg]" time="0.000" /><testcase classname="tests.test_hsp08_query_contracts" name="test_hsp08_direct_query_filter_rejects_noncanonical_sha256_values[content_sha256-AAAAAAAAAAAAAAAAAAAAAAAAAAAAAAAAAAAAAAAAAAAAAAAAAAAAAAAAAAAAAAAA]" time="0.000" /><testcase classname="tests.test_hsp08_query_contracts" name="test_hsp08_direct_query_filter_rejects_noncanonical_sha256_values[content_sha256-aaaaaaaaaaaaaaaaaaaaaaaaaaaaaaaaaaaaaaaaaaaaaaaaaaaaaaaaaaaaaaa]" time="0.000" /><testcase classname="tests.test_hsp08_query_contracts" name="test_hsp08_direct_query_filter_rejects_noncanonical_sha256_values[content_sha256-gggggggggggggggggggggggggggggggggggggggggggggggggggggggggggggggg]" time="0.000" /><testcase classname="tests.test_hsp08_query_contracts" name="test_hsp08_sha256_filters_accept_canonical_values_without_constraining_ids" time="0.000" /><testcase classname="tests.test_hsp08_query_contracts" name="test_hsp08_request_shape_and_pagination_fail_closed[payload0]" time="0.000" /><testcase classname="tests.test_hsp08_query_contracts" name="test_hsp08_request_shape_and_pagination_fail_closed[payload1]" time="0.000" /><testcase classname="tests.test_hsp08_query_contracts" name="test_hsp08_request_shape_and_pagination_fail_closed[payload2]" time="0.000" /><testcase classname="tests.test_hsp08_query_contracts" name="test_hsp08_request_shape_and_pagination_fail_closed[payload3]" time="0.000" /><testcase classname="tests.test_hsp08_query_contracts" name="test_hsp08_request_shape_and_pagination_fail_closed[payload4]" time="0.000" /><testcase classname="tests.test_hsp08_query_contracts" name="test_hsp08_request_shape_and_pagination_fail_closed[payload5]" time="0.000" /><testcase classname="tests.test_hsp08_query_contracts" name="test_hsp08_request_shape_and_pagination_fail_closed[payload6]" time="0.000" /><testcase classname="tests.test_hsp08_query_contracts" name="test_hsp08_request_shape_and_pagination_fail_closed[payload7]" time="0.000" /><testcase classname="tests.test_hsp08_query_contracts" name="test_hsp08_request_shape_and_pagination_fail_closed[payload8]" time="0.000" /><testcase classname="tests.test_hsp08_query_contracts" name="test_hsp08_request_shape_and_pagination_fail_closed[payload9]" time="0.000" /><testcase classname="tests.test_hsp08_query_contracts" name="test_hsp08_request_shape_and_pagination_fail_closed[payload10]" time="0.000" /><testcase classname="tests.test_hsp08_query_contracts" name="test_hsp08_request_shape_and_pagination_fail_closed[payload11]" time="0.000" /><testcase classname="tests.test_hsp08_query_contracts" name="test_hsp08_request_shape_and_pagination_fail_closed[payload12]" time="0.000" /><testcase classname="tests.test_hsp08_query_contracts" name="test_hsp08_request_shape_and_pagination_fail_closed[payload13]" time="0.000" /><testcase classname="tests.test_hsp08_query_contracts" name="test_hsp08_request_shape_and_pagination_fail_closed[payload14]" time="0.000" /><testcase classname="tests.test_hsp08_query_contracts" name="test_hsp08_request_shape_and_pagination_fail_closed[payload15]" time="0.000" /><testcase classname="tests.test_hsp08_query_contracts" name="test_hsp08_request_shape_and_pagination_fail_closed[payload16]" time="0.000" /><testcase classname="tests.test_hsp08_query_contracts" name="test_hsp08_request_shape_and_pagination_fail_closed[payload17]" time="0.000" /><testcase classname="tests.test_hsp08_query_contracts" name="test_hsp08_request_shape_and_pagination_fail_closed[payload18]" time="0.000" /><testcase classname="tests.test_hsp08_query_contracts" name="test_hsp08_request_shape_and_pagination_fail_closed[payload19]" time="0.000" /><testcase classname="tests.test_hsp08_query_contracts" name="test_hsp08_request_shape_and_pagination_fail_closed[payload20]" time="0.000" /><testcase classname="tests.test_hsp08_query_contracts" name="test_hsp08_request_shape_and_pagination_fail_closed[payload21]" time="0.000" /><testcase classname="tests.test_hsp08_query_contracts" name="test_hsp08_request_shape_and_pagination_fail_closed[payload22]" time="0.000" /><testcase classname="tests.test_hsp08_query_contracts" name="test_hsp08_request_shape_and_pagination_fail_closed[payload23]" time="0.000" /><testcase classname="tests.test_hsp08_query_contracts" name="test_hsp08_filter_values_fail_closed[filter_value0]" time="0.000" /><testcase classname="tests.test_hsp08_query_contracts" name="test_hsp08_filter_values_fail_closed[filter_value1]" time="0.000" /><testcase classname="tests.test_hsp08_query_contracts" name="test_hsp08_filter_values_fail_closed[filter_value2]" time="0.000" /><testcase classname="tests.test_hsp08_query_contracts" name="test_hsp08_filter_values_fail_closed[filter_value3]" time="0.000" /><testcase classname="tests.test_hsp08_query_contracts" name="test_hsp08_filter_values_fail_closed[filter_value4]" time="0.000" /><testcase classname="tests.test_hsp08_query_contracts" name="test_hsp08_filter_values_fail_closed[filter_value5]" time="0.000" /><testcase classname="tests.test_hsp08_query_contracts" name="test_hsp08_filter_values_fail_closed[filter_value6]" time="0.000" /><testcase classname="tests.test_hsp08_query_contracts" name="test_hsp08_filter_values_fail_closed[filter_value7]" time="0.000" /><testcase classname="tests.test_hsp08_query_contracts" name="test_hsp08_filter_values_fail_closed[filter_value8]" time="0.000" /><testcase classname="tests.test_hsp08_query_contracts" name="test_hsp08_filter_values_fail_closed[filter_value9]" time="0.000" /><testcase classname="tests.test_hsp08_query_contracts" name="test_hsp08_filter_values_fail_closed[filter_value10]" time="0.000" /><testcase classname="tests.test_hsp08_query_contracts" name="test_hsp08_filter_values_fail_closed[filter_value11]" time="0.000" /><testcase classname="tests.test_hsp08_query_contracts" name="test_hsp08_filter_values_fail_closed[filter_value12]" time="0.000" /><testcase classname="tests.test_hsp08_query_contracts" name="test_hsp08_filter_values_fail_closed[filter_value13]" time="0.000" /><testcase classname="tests.test_hsp08_query_contracts" name="test_hsp08_filter_values_fail_closed[filter_value14]" time="0.000" /><testcase classname="tests.test_hsp08_query_contracts" name="test_hsp08_filter_values_fail_closed[filter_value15]" time="0.000" /><testcase classname="tests.test_hsp08_query_contracts" name="test_hsp08_filter_values_fail_closed[filter_value16]" time="0.000" /><testcase classname="tests.test_hsp08_query_contracts" name="test_hsp08_filter_values_fail_closed[filter_value17]" time="0.000" /><testcase classname="tests.test_hsp08_query_contracts" name="test_hsp08_filter_values_fail_closed[filter_value18]" time="0.000" /><testcase classname="tests.test_hsp08_query_contracts" name="test_hsp08_filter_values_fail_closed[filter_value19]" time="0.000" /><testcase classname="tests.test_hsp08_query_contracts" name="test_hsp08_filter_values_fail_closed[filter_value20]" time="0.000" /><testcase classname="tests.test_hsp08_query_contracts" name="test_hsp08_filter_values_fail_closed[filter_value21]" time="0.000" /><testcase classname="tests.test_hsp08_query_contracts" name="test_hsp08_filter_values_fail_closed[filter_value22]" time="0.000" /><testcase classname="tests.test_hsp08_query_contracts" name="test_hsp08_filter_values_fail_closed[filter_value23]" time="0.000" /><testcase classname="tests.test_hsp08_query_contracts" name="test_hsp08_filter_values_fail_closed[filter_value24]" time="0.000" /><testcase classname="tests.test_hsp08_query_contracts" name="test_hsp08_filter_values_fail_closed[filter_value25]" time="0.000" /><testcase classname="tests.test_hsp08_query_contracts" name="test_hsp08_filter_values_fail_closed[filter_value26]" time="0.000" /><testcase classname="tests.test_hsp08_query_contracts" name="test_hsp08_filter_values_fail_closed[filter_value27]" time="0.000" /><testcase classname="tests.test_hsp08_query_contracts" name="test_hsp08_filter_values_fail_closed[filter_value28]" time="0.000" /><testcase classname="tests.test_hsp08_query_contracts" name="test_hsp08_filter_values_fail_closed[filter_value29]" time="0.000" /><testcase classname="tests.test_hsp08_query_contracts" name="test_hsp08_filter_values_fail_closed[filter_value30]" time="0.000" /><testcase classname="tests.test_hsp08_query_contracts" name="test_hsp08_filter_values_fail_closed[filter_value31]" time="0.000" /><testcase classname="tests.test_hsp08_query_contracts" name="test_hsp08_filter_values_fail_closed[filter_value32]" time="0.000" /><testcase classname="tests.test_hsp08_query_contracts" name="test_hsp08_direct_time_range_and_timestamp_helpers_validate_awareness" time="0.000" /><testcase classname="tests.test_hsp08_query_contracts" name="test_hsp08_timestamp_parser_rejects_non_contract_separators_and_unsupported_precision[2026-07-31/00:00:00Z]" time="0.000" /><testcase classname="tests.test_hsp08_query_contracts" name="test_hsp08_timestamp_parser_rejects_non_contract_separators_and_unsupported_precision[2026-07-31\n00:00:00Z]" time="0.000" /><testcase classname="tests.test_hsp08_query_contracts" name="test_hsp08_timestamp_parser_rejects_non_contract_separators_and_unsupported_precision[2026-07-31\x0000:00:00Z]" time="0.000" /><testcase classname="tests.test_hsp08_query_contracts" name="test_hsp08_timestamp_parser_rejects_non_contract_separators_and_unsupported_precision[2026-07-31\U0001f64200:00:00Z]" time="0.000" /><testcase classname="tests.test_hsp08_query_contracts" name="test_hsp08_timestamp_parser_rejects_non_contract_separators_and_unsupported_precision[2026-07-31T00:00:00.0000001Z]" time="0.000" /><testcase classname="tests.test_hsp09_access" name="test_hsp09_principal_is_transport_identity_and_producer_claim_is_not" time="0.000" /><testcase classname="tests.test_hsp09_access" name="test_hsp09_scope_resolution_fails_closed_for_unpermitted_claims_and_raw_values" time="0.000" /><testcase classname="tests.test_hsp09_access" name="test_hsp09_event_authorization_uses_explicit_tiers_and_paired_selectors" time="0.000" /><testcase classname="tests.test_hsp09_access" name="test_hsp09_authorization_inspects_only_the_event_header" time="0.000" /><testcase classname="tests.test_hsp09_access" name="test_hsp09_malformed_event_headers_are_non_authorized[event0]" time="0.001" /><testcase classname="tests.test_hsp09_access" name="test_hsp09_malformed_event_headers_are_non_authorized[event1]" time="0.000" /><testcase classname="tests.test_hsp09_access" name="test_hsp09_malformed_event_headers_are_non_authorized[event2]" time="0.000" /><testcase classname="tests.test_hsp09_access" name="test_hsp09_malformed_event_headers_are_non_authorized[event3]" time="0.000" /><testcase classname="tests.test_hsp09_access" name="test_hsp09_malformed_event_headers_are_non_authorized[event4]" time="0.000" /><testcase classname="tests.test_hsp09_access" name="test_hsp09_policy_bundle_is_immutable_canonical_and_order_independent" time="0.000" /><testcase classname="tests.test_hsp09_access" name="test_hsp09_policy_tiers_use_only_the_exact_visibility_vocabulary[PUBLIC]" time="0.000" /><testcase classname="tests.test_hsp09_access" name="test_hsp09_policy_tiers_use_only_the_exact_visibility_vocabulary[private]" time="0.000" /><testcase classname="tests.test_hsp09_access" name="test_hsp09_policy_tiers_use_only_the_exact_visibility_vocabulary[]" time="0.000" /><testcase classname="tests.test_hsp09_access" name="test_hsp09_policy_tiers_use_only_the_exact_visibility_vocabulary[None]" time="0.000" /><testcase classname="tests.test_hsp09_access" name="test_hsp09_policy_tiers_use_only_the_exact_visibility_vocabulary[1]" time="0.000" /><testcase classname="tests.test_hsp09_access" name="test_hsp09_effective_access_keeps_exact_or_clamps_to_restricted[public-allowed0-public-False]" time="0.001" /><testcase classname="tests.test_hsp09_access" name="test_hsp09_effective_access_keeps_exact_or_clamps_to_restricted[workspace-allowed1-workspace-False]" time="0.000" /><testcase classname="tests.test_hsp09_access" name="test_hsp09_effective_access_keeps_exact_or_clamps_to_restricted[restricted-allowed2-restricted-False]" time="0.000" /><testcase classname="tests.test_hsp09_access" name="test_hsp09_effective_access_keeps_exact_or_clamps_to_restricted[None-allowed3-restricted-True]" time="0.000" /><testcase classname="tests.test_hsp09_access" name="test_hsp09_effective_access_keeps_exact_or_clamps_to_restricted[uncertain-allowed4-restricted-True]" time="0.000" /><testcase classname="tests.test_hsp09_access" name="test_hsp09_effective_access_keeps_exact_or_clamps_to_restricted[public-allowed5-restricted-True]" time="0.000" /><testcase classname="tests.test_hsp09_access" name="test_hsp09_effective_access_keeps_exact_or_clamps_to_restricted[workspace-allowed6-restricted-True]" time="0.000" /><testcase classname="tests.test_hsp09_access" name="test_hsp09_effective_access_refuses_when_safe_restricted_output_is_not_allowed[None-allowed0]" time="0.000" /><testcase classname="tests.test_hsp09_access" name="test_hsp09_effective_access_refuses_when_safe_restricted_output_is_not_allowed[restricted-allowed1]" time="0.000" /><testcase classname="tests.test_hsp09_access" name="test_hsp09_effective_access_refuses_when_safe_restricted_output_is_not_allowed[workspace-allowed2]" time="0.000" /><testcase classname="tests.test_hsp09_access" name="test_hsp09_effective_access_refuses_when_safe_restricted_output_is_not_allowed[public-allowed3]" time="0.000" /><testcase classname="tests.test_hsp09_access" name="test_hsp09_effective_access_refuses_when_safe_restricted_output_is_not_allowed[requested4-allowed4]" time="0.000" /><testcase classname="tests.test_hsp09_access" name="test_hsp09_validated_structures_reject_empty_and_wrong_typed_identity_values" time="0.000" /><testcase classname="tests.test_hsp09_access" name="test_hsp09_all_policy_identity_text_must_be_valid_utf8" time="0.000" /><testcase classname="tests.test_hsp08_query_engine" name="test_hsp08_six_event_matrix_orders_chronologically_and_is_insertion_independent" time="0.004" /><testcase classname="tests.test_hsp08_query_engine" name="test_hsp08_every_canonical_and_provenance_filter_family[filter_value0-expected0]" time="0.003" /><testcase classname="tests.test_hsp08_query_engine" name="test_hsp08_every_canonical_and_provenance_filter_family[filter_value1-expected1]" time="0.003" /><testcase classname="tests.test_hsp08_query_engine" name="test_hsp08_every_canonical_and_provenance_filter_family[filter_value2-expected2]" time="0.003" /><testcase classname="tests.test_hsp08_query_engine" name="test_hsp08_every_canonical_and_provenance_filter_family[filter_value3-expected3]" time="0.003" /><testcase classname="tests.test_hsp08_query_engine" name="test_hsp08_every_canonical_and_provenance_filter_family[filter_value4-expected4]" time="0.003" /><testcase classname="tests.test_hsp08_query_engine" name="test_hsp08_every_canonical_and_provenance_filter_family[filter_value5-expected5]" time="0.003" /><testcase classname="tests.test_hsp08_query_engine" name="test_hsp08_every_canonical_and_provenance_filter_family[filter_value6-expected6]" time="0.003" /><testcase classname="tests.test_hsp08_query_engine" name="test_hsp08_every_canonical_and_provenance_filter_family[filter_value7-expected7]" time="0.003" /><testcase classname="tests.test_hsp08_query_engine" name="test_hsp08_every_canonical_and_provenance_filter_family[filter_value8-expected8]" time="0.003" /><testcase classname="tests.test_hsp08_query_engine" name="test_hsp08_every_canonical_and_provenance_filter_family[filter_value9-expected9]" time="0.004" /><testcase classname="tests.test_hsp08_query_engine" name="test_hsp08_every_canonical_and_provenance_filter_family[filter_value10-expected10]" time="0.003" /><testcase classname="tests.test_hsp08_query_engine" name="test_hsp08_every_canonical_and_provenance_filter_family[filter_value11-expected11]" time="0.003" /><testcase classname="tests.test_hsp08_query_engine" name="test_hsp08_record_id_uses_artifact_identity_not_lineage_identity" time="0.003" /><testcase classname="tests.test_hsp08_query_engine" name="test_hsp08_entry_id_or_and_cross_family_and_time_bounds_are_exact" time="0.003" /><testcase classname="tests.test_hsp08_query_engine" name="test_hsp08_fixed_hwm_multi_page_replay_has_no_loss_or_duplication_and_excludes_concurrent_e6" time="0.009" /><testcase classname="tests.test_hsp08_query_engine" name="test_hsp08_chronological_resume_can_follow_a_higher_sequence_with_an_earlier_timestamp" time="0.006" /><testcase classname="tests.test_hsp08_query_engine" name="test_hsp08_pure_replay_dedupe_uses_only_entry_ids_and_returns_new_state" time="0.000" /><testcase classname="tests.test_hsp08_query_engine" name="test_hsp08_replay_dedupe_requires_collections_of_canonical_entry_ids[3a7470e00c076b678c41c8ae4a4945198a9e243cdb42e044612535facb5f225d-seen_entry_ids0]" time="0.000" /><testcase classname="tests.test_hsp08_query_engine" name="test_hsp08_replay_dedupe_requires_collections_of_canonical_entry_ids[3a7470e00c076b678c41c8ae4a4945198a9e243cdb42e044612535facb5f225d-seen_entry_ids1]" time="0.000" /><testcase classname="tests.test_hsp08_query_engine" name="test_hsp08_replay_dedupe_requires_collections_of_canonical_entry_ids[entry_ids2-7208794c984ea1c75d13877c7427336fe98722c41a056eeee4f37360ec367123]" time="0.000" /><testcase classname="tests.test_hsp08_query_engine" name="test_hsp08_replay_dedupe_requires_collections_of_canonical_entry_ids[entry_ids3-7208794c984ea1c75d13877c7427336fe98722c41a056eeee4f37360ec367123]" time="0.000" /><testcase classname="tests.test_hsp08_query_engine" name="test_hsp08_replay_dedupe_requires_collections_of_canonical_entry_ids[entry_ids4-seen_entry_ids4]" time="0.000" /><testcase classname="tests.test_hsp08_query_engine" name="test_hsp08_replay_dedupe_requires_collections_of_canonical_entry_ids[entry_ids5-seen_entry_ids5]" time="0.000" /><testcase classname="tests.test_hsp08_query_engine" name="test_hsp08_replay_dedupe_requires_collections_of_canonical_entry_ids[entry_ids6-seen_entry_ids6]" time="0.000" /><testcase classname="tests.test_hsp08_query_engine" name="test_hsp08_replay_dedupe_requires_collections_of_canonical_entry_ids[entry_ids7-seen_entry_ids7]" time="0.000" /><testcase classname="tests.test_hsp08_query_engine" name="test_hsp08_replay_dedupe_rejects_a_str_subclass_that_spoofs_a_canonical_digest" time="0.000" /><testcase classname="tests.test_hsp08_query_engine" name="test_hsp08_direct_query_item_clones_and_deeply_freezes_its_event" time="0.003" /><testcase classname="tests.test_hsp08_query_engine" name="test_hsp08_direct_query_item_rejects_a_scalar_subclass_in_its_envelope" time="0.002" /><testcase classname="tests.test_hsp09_query_authorization" name="test_hsp09_none_scope_returns_the_single_non_disclosing_empty_page_without_any_dereference" time="0.000" /><testcase classname="tests.test_hsp09_query_authorization" name="test_hsp09_unauthorized_event_body_is_not_inspected_beyond_three_header_fields" time="0.001" /><testcase classname="tests.test_hsp09_query_authorization" name="test_hsp09_unauthorized_and_nonexistent_entry_or_topic_are_the_same_empty_shape" time="0.001" /><testcase classname="tests.test_hsp09_query_authorization" name="test_hsp09_forged_request_producer_filter_never_replaces_the_authenticated_scope" time="0.001" /><testcase classname="tests.test_hsp09_query_authorization" name="test_hsp09_unauthorized_annotation_cannot_change_results_filters_cursors_or_context" time="0.003" /><testcase classname="tests.test_hsp09_query_authorization" name="test_hsp09_authorized_annotation_must_match_target_event_policy_and_producer[header0]" time="0.001" /><testcase classname="tests.test_hsp09_query_authorization" name="test_hsp09_authorized_annotation_must_match_target_event_policy_and_producer[header1]" time="0.001" /><testcase classname="tests.test_hsp09_query_authorization" name="test_hsp09_authorized_annotation_must_match_target_event_policy_and_producer[header2]" time="0.000" /><testcase classname="tests.test_hsp09_query_authorization" name="test_hsp09_tampered_or_conflicting_provenance_artifacts_fail_closed" time="0.000" /><testcase classname="tests.test_hsp20_query_snapshot" name="test_hsp20_snapshot_deeply_copies_and_freezes_canonical_events_and_candidates" time="0.002" /><testcase classname="tests.test_hsp20_query_snapshot" name="test_hsp20_snapshot_rejects_gaps_duplicates_divergence_and_tampering[gap]" time="0.001" /><testcase classname="tests.test_hsp20_query_snapshot" name="test_hsp20_snapshot_rejects_gaps_duplicates_divergence_and_tampering[duplicate_entry]" time="0.001" /><testcase classname="tests.test_hsp20_query_snapshot" name="test_hsp20_snapshot_rejects_gaps_duplicates_divergence_and_tampering[duplicate_chain]" time="0.001" /><testcase classname="tests.test_hsp20_query_snapshot" name="test_hsp20_snapshot_rejects_gaps_duplicates_divergence_and_tampering[candidate_divergence]" time="0.001" /><testcase classname="tests.test_hsp20_query_snapshot" name="test_hsp20_snapshot_rejects_gaps_duplicates_divergence_and_tampering[truncation]" time="0.001" /><testcase classname="tests.test_hsp20_query_snapshot" name="test_hsp20_snapshot_rejects_gaps_duplicates_divergence_and_tampering[tampered_id]" time="0.001" /><testcase classname="tests.test_hsp20_query_snapshot" name="test_hsp20_snapshot_rejects_gaps_duplicates_divergence_and_tampering[tampered_envelope]" time="0.001" /><testcase classname="tests.test_hsp20_query_snapshot" name="test_hsp20_snapshot_rejects_spoofed_datetime_mismatch_and_candidate_subclasses" time="0.001" /><testcase classname="tests.test_hsp20_query_snapshot" name="test_hsp20_equivalent_rebuilt_snapshots_have_identical_manifests_and_semantic_cursor_recovery" time="0.004" /><testcase classname="tests.test_hsp20_query_snapshot" name="test_hsp20_execute_rejects_an_arbitrary_unverified_context_hash" time="0.001" /><testcase classname="tests.test_hsp20_query_snapshot" name="test_hsp20_authorized_provenance_change_inside_cursor_hwm_invalidates_resume" time="0.002" /><testcase classname="tests.test_hsp20_query_snapshot" name="test_hsp20_key_overlap_recovers_same_generation_cursor_and_retirement_stays_generic" time="0.002" /></testsuite></testsuites>