<?xml version="1.0" encoding="utf-8"?><testsuites name="pytest tests"><testsuite name="pytest" errors="0" failures="0" skipped="0" tests="244" time="35.557" timestamp="2026-08-01T03:09:30.491041+00:00" hostname="atum"><testcase classname="tests.test_hsp05_transactions" name="test_hsp05_process_kill_equivalent_crash_points_recover_one_durable_commit[before_provider_call]" time="0.102" /><testcase classname="tests.test_hsp05_transactions" name="test_hsp05_process_kill_equivalent_crash_points_recover_one_durable_commit[after_provider_return_before_publish]" time="0.144" /><testcase classname="tests.test_hsp05_transactions" name="test_hsp05_process_kill_equivalent_crash_points_recover_one_durable_commit[after_record_publish_before_journal_fsync]" time="0.125" /><testcase classname="tests.test_hsp05_transactions" name="test_hsp05_process_kill_equivalent_crash_points_recover_one_durable_commit[after_journal_fsync_before_response]" time="0.147" /><testcase classname="tests.test_hsp05_transactions" name="test_hsp05_real_process_kill_recovers_once_and_preserves_retry_identity[before_provider_call]" time="0.249" /><testcase classname="tests.test_hsp05_transactions" name="test_hsp05_real_process_kill_recovers_once_and_preserves_retry_identity[after_provider_return_before_publish]" time="0.202" /><testcase classname="tests.test_hsp05_transactions" name="test_hsp05_real_process_kill_recovers_once_and_preserves_retry_identity[after_record_publish_before_journal_fsync]" time="0.272" /><testcase classname="tests.test_hsp05_transactions" name="test_hsp05_real_process_kill_recovers_once_and_preserves_retry_identity[after_journal_fsync_before_response]" time="0.198" /><testcase classname="tests.test_hsp05_transactions" name="test_hsp05_failures_are_records_and_key_collision_fails_closed" time="0.066" /><testcase classname="tests.test_hsp05_transactions" name="test_hsp05_idempotency_replay_tamper_matrix_fails_closed" time="0.208" /><testcase classname="tests.test_hsp05_transactions" name="test_hsp05_provider_failure_matrix_is_explicit_and_durable[failed-diagnostic0]" time="0.126" /><testcase classname="tests.test_hsp05_transactions" name="test_hsp05_provider_failure_matrix_is_explicit_and_durable[failed-diagnostic1]" time="0.113" /><testcase classname="tests.test_hsp05_transactions" name="test_hsp05_provider_failure_matrix_is_explicit_and_durable[partial-diagnostic2]" time="0.092" /><testcase classname="tests.test_hsp05_transactions" name="test_hsp05_provider_failure_matrix_is_explicit_and_durable[partial-diagnostic3]" time="0.096" /><testcase classname="tests.test_hsp05_transactions" name="test_hsp05_provider_failure_matrix_is_explicit_and_durable[refused-diagnostic4]" time="0.125" /><testcase classname="tests.test_hsp05_transactions" name="test_hsp05_provider_failure_matrix_is_explicit_and_durable[interrupted-diagnostic5]" time="0.093" /><testcase classname="tests.test_hsp05_transactions" name="test_hsp05_missing_or_stale_head_reconciles_without_verify_repair[missing]" time="0.126" /><testcase classname="tests.test_hsp05_transactions" name="test_hsp05_missing_or_stale_head_reconciles_without_verify_repair[stale]" time="0.155" /><testcase classname="tests.test_hsp05_transactions" name="test_hsp05_idempotency_scope_uses_authenticated_principal_not_request_owner" time="0.052" /><testcase classname="tests.test_hsp08_durable_query" name="test_durable_query_uses_exact_persisted_chain_and_all_canonical_filter_families" time="0.210" /><testcase classname="tests.test_hsp08_durable_query" name="test_projection_filters_fail_explicitly_before_identity_or_journal_access[filter_value0]" time="0.140" /><testcase classname="tests.test_hsp08_durable_query" name="test_projection_filters_fail_explicitly_before_identity_or_journal_access[filter_value1]" time="0.161" /><testcase classname="tests.test_hsp08_durable_query" name="test_projection_filters_fail_explicitly_before_identity_or_journal_access[filter_value2]" time="0.138" /><testcase classname="tests.test_hsp08_durable_query" name="test_projection_filters_fail_explicitly_before_identity_or_journal_access[filter_value3]" time="0.155" /><testcase classname="tests.test_hsp08_durable_query" name="test_none_scope_is_auth_first_and_dereferences_nothing" time="0.145" /><testcase classname="tests.test_hsp08_durable_query" name="test_query_is_sqlite_independent_and_never_rebuilds_or_opens_it" time="0.164" /><testcase classname="tests.test_hsp08_durable_query" name="test_fixed_hwm_cursor_resumes_after_append_and_full_restart_with_limit_change" time="0.188" /><testcase classname="tests.test_hsp08_durable_query" name="test_identity_rotation_overlap_retirement_and_generation_roll_control_cursor_validity" time="0.451" /><testcase classname="tests.test_hsp08_durable_query" name="test_queries_and_replay_persist_no_server_read_state" time="0.159" /><testcase classname="tests.test_hsp08_durable_query" name="test_request_time_query_rejects_missing_suffix_without_repair_and_empty_query_creates_no_head" time="0.191" /><testcase classname="tests.test_hsp08_durable_query" name="test_restore_relocation_preserves_query_cursor_and_has_no_absolute_identity" time="0.318" /><testcase classname="tests.test_hsp08_durable_query" name="test_snapshot_builder_defensively_rejects_noncanonical_rows" time="0.154" /><testcase classname="tests.test_hsp08_durable_query" name="test_adapter_rejects_journal_and_identity_subclasses_before_overridden_hooks" time="0.080" /><testcase classname="tests.test_hsp08_durable_query" name="test_adapter_invokes_trusted_unbound_durable_methods" time="0.054" /><testcase classname="tests.test_hsp08_durable_query" name="test_adapter_rejects_subclasses_across_the_complete_request_and_scope_graph_before_hooks[request]" time="0.080" /><testcase classname="tests.test_hsp08_durable_query" name="test_adapter_rejects_subclasses_across_the_complete_request_and_scope_graph_before_hooks[scope]" time="0.147" /><testcase classname="tests.test_hsp08_durable_query" name="test_adapter_rejects_subclasses_across_the_complete_request_and_scope_graph_before_hooks[filter]" time="0.129" /><testcase classname="tests.test_hsp08_durable_query" name="test_adapter_rejects_subclasses_across_the_complete_request_and_scope_graph_before_hooks[principal]" time="0.144" /><testcase classname="tests.test_hsp08_durable_query" name="test_adapter_rejects_subclasses_across_the_complete_request_and_scope_graph_before_hooks[selector]" time="0.078" /><testcase classname="tests.test_hsp08_durable_query" name="test_adapter_rejects_subclasses_across_the_complete_request_and_scope_graph_before_hooks[producer_selector]" time="0.081" /><testcase classname="tests.test_hsp08_durable_query" name="test_adapter_rejects_nested_filter_model_subclasses[TimeRange]" time="0.080" /><testcase classname="tests.test_hsp08_durable_query" name="test_adapter_rejects_nested_filter_model_subclasses[ProducerFilter]" time="0.121" /><testcase classname="tests.test_hsp08_durable_query" name="test_adapter_rejects_nested_filter_model_subclasses[SourceFilter]" time="0.089" /><testcase classname="tests.test_hsp08_durable_query" name="test_adapter_rejects_nested_filter_model_subclasses[ClassificationFilter]" time="0.090" /><testcase classname="tests.test_hsp08_durable_query" name="test_adapter_reconstructs_exact_request_and_scope_before_durable_work" time="0.054" /><testcase classname="tests.test_hsp08_durable_query" name="test_hostile_cursor_rejects_before_provenance_prefix_work" time="1.973" /><testcase classname="tests.test_hsp08_durable_query" name="test_authenticated_wrong_context_cursor_rejection_has_linear_bounded_work" time="0.643" /><testcase classname="tests.test_hsp08_durable_query" name="test_valid_old_cursor_context_recovery_is_linear_after_append" time="2.129" /><testcase classname="tests.test_hsp20_durable_state" name="test_verified_snapshot_returns_exact_triplet_and_empty_read_creates_no_head" time="0.037" /><testcase classname="tests.test_hsp20_durable_state" name="test_verified_snapshot_reads_triplet_once_under_one_lock" time="0.044" /><testcase classname="tests.test_hsp20_durable_state" name="test_verified_snapshot_linearizes_against_real_append" time="0.178" /><testcase classname="tests.test_hsp20_durable_state" name="test_verified_snapshot_is_non_repairing_and_explicit_reconcile_repairs_only_suffix" time="0.035" /><testcase classname="tests.test_hsp20_durable_state" name="test_explicit_reconcile_does_not_begin_suffix_repair_before_rejecting_corrupt_head" time="0.039" /><testcase classname="tests.test_hsp20_durable_state" name="test_verified_snapshot_tampering_fails_without_mutation[partial_event]" time="0.021" /><testcase classname="tests.test_hsp20_durable_state" name="test_verified_snapshot_tampering_fails_without_mutation[noncanonical_event]" time="0.035" /><testcase classname="tests.test_hsp20_durable_state" name="test_verified_snapshot_tampering_fails_without_mutation[crlf_event]" time="0.022" /><testcase classname="tests.test_hsp20_durable_state" name="test_verified_snapshot_tampering_fails_without_mutation[invalid_envelope]" time="0.021" /><testcase classname="tests.test_hsp20_durable_state" name="test_verified_snapshot_tampering_fails_without_mutation[missing_chain]" time="0.015" /><testcase classname="tests.test_hsp20_durable_state" name="test_verified_snapshot_tampering_fails_without_mutation[extra_chain]" time="0.017" /><testcase classname="tests.test_hsp20_durable_state" name="test_verified_snapshot_tampering_fails_without_mutation[crlf_chain]" time="0.017" /><testcase classname="tests.test_hsp20_durable_state" name="test_verified_snapshot_tampering_fails_without_mutation[noncanonical_chain]" time="0.016" /><testcase classname="tests.test_hsp20_durable_state" name="test_verified_snapshot_tampering_fails_without_mutation[wrong_event_hash]" time="0.017" /><testcase classname="tests.test_hsp20_durable_state" name="test_verified_snapshot_tampering_fails_without_mutation[wrong_previous_hash]" time="0.019" /><testcase classname="tests.test_hsp20_durable_state" name="test_verified_snapshot_tampering_fails_without_mutation[wrong_chain_hash]" time="0.021" /><testcase classname="tests.test_hsp20_durable_state" name="test_verified_snapshot_tampering_fails_without_mutation[forged_chain_and_head]" time="0.019" /><testcase classname="tests.test_hsp20_durable_state" name="test_verified_snapshot_tampering_fails_without_mutation[missing_head]" time="0.018" /><testcase classname="tests.test_hsp20_durable_state" name="test_verified_snapshot_tampering_fails_without_mutation[stale_head]" time="0.029" /><testcase classname="tests.test_hsp20_durable_state" name="test_verified_snapshot_tampering_fails_without_mutation[noncanonical_head]" time="0.034" /><testcase classname="tests.test_hsp20_durable_state" name="test_verified_snapshot_tampering_fails_without_mutation[wrong_head]" time="0.024" /><testcase classname="tests.test_hsp20_durable_state" name="test_verified_snapshot_tampering_fails_without_mutation[unsafe_mode]" time="0.015" /><testcase classname="tests.test_hsp20_durable_state" name="test_integrity_corruption_is_not_recovery[tampered_event]" time="0.034" /><testcase classname="tests.test_hsp20_durable_state" name="test_integrity_corruption_is_not_recovery[divergent_middle_chain]" time="0.036" /><testcase classname="tests.test_hsp20_durable_state" name="test_integrity_corruption_is_not_recovery[partial_event]" time="0.052" /><testcase classname="tests.test_hsp20_durable_state" name="test_integrity_corruption_is_not_recovery[noncanonical_chain]" time="0.077" /><testcase classname="tests.test_hsp20_durable_state" name="test_recovery_rejects_divergent_canonical_heads_without_changing_bytes[out_of_range-reconcile]" time="0.032" /><testcase classname="tests.test_hsp20_durable_state" name="test_recovery_rejects_divergent_canonical_heads_without_changing_bytes[out_of_range-append]" time="0.026" /><testcase classname="tests.test_hsp20_durable_state" name="test_recovery_rejects_divergent_canonical_heads_without_changing_bytes[random-reconcile]" time="0.026" /><testcase classname="tests.test_hsp20_durable_state" name="test_recovery_rejects_divergent_canonical_heads_without_changing_bytes[random-append]" time="0.026" /><testcase classname="tests.test_hsp20_durable_state" name="test_recovery_rejects_divergent_canonical_heads_without_changing_bytes[mismatched_prefix-reconcile]" time="0.037" /><testcase classname="tests.test_hsp20_durable_state" name="test_recovery_rejects_divergent_canonical_heads_without_changing_bytes[mismatched_prefix-append]" time="0.051" /><testcase classname="tests.test_hsp20_durable_state" name="test_recovery_accepts_only_an_exact_persisted_chain_prefix_head" time="0.054" /><testcase classname="tests.test_hsp20_durable_state" name="test_service_identity_is_canonical_private_persistent_and_lifetime_locked" time="0.044" /><testcase classname="tests.test_hsp20_durable_state" name="test_service_identity_lifetime_lock_survives_process_boundary_and_releases_on_kill" time="0.112" /><testcase classname="tests.test_hsp20_durable_state" name="test_forked_child_cannot_use_identity_or_unlock_parent_lifetime_lock" time="0.047" /><testcase classname="tests.test_hsp20_durable_state" name="test_forked_child_can_open_its_own_identity_only_after_parent_owner_closes" time="0.175" /><testcase classname="tests.test_hsp20_durable_state" name="test_service_identity_rotation_retirement_and_generation_roll_are_atomic" time="0.264" /><testcase classname="tests.test_hsp20_durable_state" name="test_service_identity_new_bytes_originate_in_an_unnamed_fsynced_inode" time="0.040" /><testcase classname="tests.test_hsp20_durable_state" name="test_service_identity_exact_fd_procfs_fallback_uses_only_held_relative_dirfds[1]" time="0.048" /><testcase classname="tests.test_hsp20_durable_state" name="test_service_identity_exact_fd_procfs_fallback_uses_only_held_relative_dirfds[2]" time="0.048" /><testcase classname="tests.test_hsp20_durable_state" name="test_service_identity_masked_procfs_fails_without_named_temp_or_publication" time="0.009" /><testcase classname="tests.test_hsp20_durable_state" name="test_service_identity_procfs_fallback_without_symlink_follow_cannot_publish" time="0.008" /><testcase classname="tests.test_hsp20_durable_state" name="test_service_identity_procfs_fallback_rejects_closed_or_reused_source_fd[False]" time="0.009" /><testcase classname="tests.test_hsp20_durable_state" name="test_service_identity_procfs_fallback_rejects_closed_or_reused_source_fd[True]" time="0.013" /><testcase classname="tests.test_hsp20_durable_state" name="test_service_identity_pre_link_witness_collision_is_preserved" time="0.010" /><testcase classname="tests.test_hsp20_durable_state" name="test_service_identity_hard_link_primitive_failures_are_unavailable_without_publication[18]" time="0.009" /><testcase classname="tests.test_hsp20_durable_state" name="test_service_identity_hard_link_primitive_failures_are_unavailable_without_publication[31]" time="0.007" /><testcase classname="tests.test_hsp20_durable_state" name="test_service_identity_hard_link_primitive_failures_are_unavailable_without_publication[1]" time="0.007" /><testcase classname="tests.test_hsp20_durable_state" name="test_service_identity_exchange_primitive_failures_preserve_old_truth_and_poison[38]" time="0.065" /><testcase classname="tests.test_hsp20_durable_state" name="test_service_identity_exchange_primitive_failures_preserve_old_truth_and_poison[22]" time="0.069" /><testcase classname="tests.test_hsp20_durable_state" name="test_service_identity_exchange_primitive_failures_preserve_old_truth_and_poison[95]" time="0.068" /><testcase classname="tests.test_hsp20_durable_state" name="test_service_identity_real_fsync_failures_publish_nothing_and_recover[file_fsync]" time="0.041" /><testcase classname="tests.test_hsp20_durable_state" name="test_service_identity_real_fsync_failures_publish_nothing_and_recover[directory_fsync]" time="0.080" /><testcase classname="tests.test_hsp20_durable_state" name="test_service_identity_safely_rejects_unlinkable_otmpfile_excl" time="0.012" /><testcase classname="tests.test_hsp20_durable_state" name="test_service_identity_links_each_witness_from_its_held_fd_with_exact_link_increments" time="0.134" /><testcase classname="tests.test_hsp20_durable_state" name="test_service_identity_post_link_destination_replacement_is_detected_and_preserved" time="0.056" /><testcase classname="tests.test_hsp20_durable_state" name="test_service_identity_recovers_marker_only_create_without_adopting_unpublished_bytes" time="0.054" /><testcase classname="tests.test_hsp20_durable_state" name="test_service_identity_create_collision_preserves_installed_canonical_inode" time="0.058" /><testcase classname="tests.test_hsp20_durable_state" name="test_service_identity_real_process_death_matrix[create-before_identity_temp_write]" time="0.169" /><testcase classname="tests.test_hsp20_durable_state" name="test_service_identity_real_process_death_matrix[create-mid_identity_temp_write]" time="0.182" /><testcase classname="tests.test_hsp20_durable_state" name="test_service_identity_real_process_death_matrix[create-after_identity_temp_write]" time="0.171" /><testcase classname="tests.test_hsp20_durable_state" name="test_service_identity_real_process_death_matrix[create-after_identity_temp_fsync]" time="0.182" /><testcase classname="tests.test_hsp20_durable_state" name="test_service_identity_real_process_death_matrix[create-after_identity_marker_fsync]" time="0.188" /><testcase classname="tests.test_hsp20_durable_state" name="test_service_identity_real_process_death_matrix[create-after_identity_new_witness_link]" time="0.197" /><testcase classname="tests.test_hsp20_durable_state" name="test_service_identity_real_process_death_matrix[create-after_identity_prepared_directory_fsync]" time="0.177" /><testcase classname="tests.test_hsp20_durable_state" name="test_service_identity_real_process_death_matrix[create-before_identity_publication]" time="0.212" /><testcase classname="tests.test_hsp20_durable_state" name="test_service_identity_real_process_death_matrix[create-after_identity_rename]" time="0.164" /><testcase classname="tests.test_hsp20_durable_state" name="test_service_identity_real_process_death_matrix[create-after_identity_directory_fsync]" time="0.158" /><testcase classname="tests.test_hsp20_durable_state" name="test_service_identity_real_process_death_matrix[create-after_identity_quarantine_move]" time="0.159" /><testcase classname="tests.test_hsp20_durable_state" name="test_service_identity_real_process_death_matrix[create-after_identity_quarantine_fsync]" time="0.151" /><testcase classname="tests.test_hsp20_durable_state" name="test_service_identity_real_process_death_matrix[create-after_identity_quarantine_unlink]" time="0.141" /><testcase classname="tests.test_hsp20_durable_state" name="test_service_identity_real_process_death_matrix[create-after_identity_marker_cleanup]" time="0.116" /><testcase classname="tests.test_hsp20_durable_state" name="test_service_identity_real_process_death_matrix[rotate-before_identity_temp_write]" time="0.158" /><testcase classname="tests.test_hsp20_durable_state" name="test_service_identity_real_process_death_matrix[rotate-mid_identity_temp_write]" time="0.184" /><testcase classname="tests.test_hsp20_durable_state" name="test_service_identity_real_process_death_matrix[rotate-after_identity_temp_write]" time="0.179" /><testcase classname="tests.test_hsp20_durable_state" name="test_service_identity_real_process_death_matrix[rotate-after_identity_temp_fsync]" time="0.133" /><testcase classname="tests.test_hsp20_durable_state" name="test_service_identity_real_process_death_matrix[rotate-after_identity_marker_fsync]" time="0.202" /><testcase classname="tests.test_hsp20_durable_state" name="test_service_identity_real_process_death_matrix[rotate-after_identity_new_witness_link]" time="0.213" /><testcase classname="tests.test_hsp20_durable_state" name="test_service_identity_real_process_death_matrix[rotate-after_identity_prepared_directory_fsync]" time="0.181" /><testcase classname="tests.test_hsp20_durable_state" name="test_service_identity_real_process_death_matrix[rotate-before_identity_publication]" time="0.254" /><testcase classname="tests.test_hsp20_durable_state" name="test_service_identity_real_process_death_matrix[rotate-after_identity_rename]" time="0.193" /><testcase classname="tests.test_hsp20_durable_state" name="test_service_identity_real_process_death_matrix[rotate-after_identity_directory_fsync]" time="0.253" /><testcase classname="tests.test_hsp20_durable_state" name="test_service_identity_real_process_death_matrix[rotate-after_identity_quarantine_move]" time="0.243" /><testcase classname="tests.test_hsp20_durable_state" name="test_service_identity_real_process_death_matrix[rotate-after_identity_quarantine_fsync]" time="0.238" /><testcase classname="tests.test_hsp20_durable_state" name="test_service_identity_real_process_death_matrix[rotate-after_identity_quarantine_unlink]" time="0.255" /><testcase classname="tests.test_hsp20_durable_state" name="test_service_identity_real_process_death_matrix[rotate-after_identity_marker_cleanup]" time="0.210" /><testcase classname="tests.test_hsp20_durable_state" name="test_service_identity_real_process_death_matrix[retire-before_identity_temp_write]" time="0.253" /><testcase classname="tests.test_hsp20_durable_state" name="test_service_identity_real_process_death_matrix[retire-mid_identity_temp_write]" time="0.243" /><testcase classname="tests.test_hsp20_durable_state" name="test_service_identity_real_process_death_matrix[retire-after_identity_temp_write]" time="0.202" /><testcase classname="tests.test_hsp20_durable_state" name="test_service_identity_real_process_death_matrix[retire-after_identity_temp_fsync]" time="0.232" /><testcase classname="tests.test_hsp20_durable_state" name="test_service_identity_real_process_death_matrix[retire-after_identity_marker_fsync]" time="0.295" /><testcase classname="tests.test_hsp20_durable_state" name="test_service_identity_real_process_death_matrix[retire-after_identity_new_witness_link]" time="0.275" /><testcase classname="tests.test_hsp20_durable_state" name="test_service_identity_real_process_death_matrix[retire-after_identity_prepared_directory_fsync]" time="0.327" /><testcase classname="tests.test_hsp20_durable_state" name="test_service_identity_real_process_death_matrix[retire-before_identity_publication]" time="0.319" /><testcase classname="tests.test_hsp20_durable_state" name="test_service_identity_real_process_death_matrix[retire-after_identity_rename]" time="0.355" /><testcase classname="tests.test_hsp20_durable_state" name="test_service_identity_real_process_death_matrix[retire-after_identity_directory_fsync]" time="0.337" /><testcase classname="tests.test_hsp20_durable_state" name="test_service_identity_real_process_death_matrix[retire-after_identity_quarantine_move]" time="0.398" /><testcase classname="tests.test_hsp20_durable_state" name="test_service_identity_real_process_death_matrix[retire-after_identity_quarantine_fsync]" time="0.381" /><testcase classname="tests.test_hsp20_durable_state" name="test_service_identity_real_process_death_matrix[retire-after_identity_quarantine_unlink]" time="0.340" /><testcase classname="tests.test_hsp20_durable_state" name="test_service_identity_real_process_death_matrix[retire-after_identity_marker_cleanup]" time="0.270" /><testcase classname="tests.test_hsp20_durable_state" name="test_service_identity_real_process_death_matrix[roll-before_identity_temp_write]" time="0.123" /><testcase classname="tests.test_hsp20_durable_state" name="test_service_identity_real_process_death_matrix[roll-mid_identity_temp_write]" time="0.170" /><testcase classname="tests.test_hsp20_durable_state" name="test_service_identity_real_process_death_matrix[roll-after_identity_temp_write]" time="0.165" /><testcase classname="tests.test_hsp20_durable_state" name="test_service_identity_real_process_death_matrix[roll-after_identity_temp_fsync]" time="0.133" /><testcase classname="tests.test_hsp20_durable_state" name="test_service_identity_real_process_death_matrix[roll-after_identity_marker_fsync]" time="0.141" /><testcase classname="tests.test_hsp20_durable_state" name="test_service_identity_real_process_death_matrix[roll-after_identity_new_witness_link]" time="0.201" /><testcase classname="tests.test_hsp20_durable_state" name="test_service_identity_real_process_death_matrix[roll-after_identity_prepared_directory_fsync]" time="0.249" /><testcase classname="tests.test_hsp20_durable_state" name="test_service_identity_real_process_death_matrix[roll-before_identity_publication]" time="0.228" /><testcase classname="tests.test_hsp20_durable_state" name="test_service_identity_real_process_death_matrix[roll-after_identity_rename]" time="0.214" /><testcase classname="tests.test_hsp20_durable_state" name="test_service_identity_real_process_death_matrix[roll-after_identity_directory_fsync]" time="0.240" /><testcase classname="tests.test_hsp20_durable_state" name="test_service_identity_real_process_death_matrix[roll-after_identity_quarantine_move]" time="0.239" /><testcase classname="tests.test_hsp20_durable_state" name="test_service_identity_real_process_death_matrix[roll-after_identity_quarantine_fsync]" time="0.285" /><testcase classname="tests.test_hsp20_durable_state" name="test_service_identity_real_process_death_matrix[roll-after_identity_quarantine_unlink]" time="0.238" /><testcase classname="tests.test_hsp20_durable_state" name="test_service_identity_real_process_death_matrix[roll-after_identity_marker_cleanup]" time="0.237" /><testcase classname="tests.test_hsp20_durable_state" name="test_service_identity_real_process_death_matrix[rotate-after_identity_old_witness_link]" time="0.212" /><testcase classname="tests.test_hsp20_durable_state" name="test_service_identity_real_process_death_matrix[rotate-after_identity_swap_witness_link]" time="0.211" /><testcase classname="tests.test_hsp20_durable_state" name="test_service_identity_real_process_death_matrix[retire-after_identity_old_witness_link]" time="0.284" /><testcase classname="tests.test_hsp20_durable_state" name="test_service_identity_real_process_death_matrix[retire-after_identity_swap_witness_link]" time="0.299" /><testcase classname="tests.test_hsp20_durable_state" name="test_service_identity_real_process_death_matrix[roll-after_identity_old_witness_link]" time="0.201" /><testcase classname="tests.test_hsp20_durable_state" name="test_service_identity_real_process_death_matrix[roll-after_identity_swap_witness_link]" time="0.246" /><testcase classname="tests.test_hsp20_durable_state" name="test_service_identity_faults_leave_absent_old_or_new_complete_state[before_identity_temp_write-create]" time="0.054" /><testcase classname="tests.test_hsp20_durable_state" name="test_service_identity_faults_leave_absent_old_or_new_complete_state[before_identity_temp_write-rotate]" time="0.069" /><testcase classname="tests.test_hsp20_durable_state" name="test_service_identity_faults_leave_absent_old_or_new_complete_state[before_identity_temp_write-retire]" time="0.130" /><testcase classname="tests.test_hsp20_durable_state" name="test_service_identity_faults_leave_absent_old_or_new_complete_state[before_identity_temp_write-roll]" time="0.049" /><testcase classname="tests.test_hsp20_durable_state" name="test_service_identity_faults_leave_absent_old_or_new_complete_state[after_identity_temp_write-create]" time="0.040" /><testcase classname="tests.test_hsp20_durable_state" name="test_service_identity_faults_leave_absent_old_or_new_complete_state[after_identity_temp_write-rotate]" time="0.043" /><testcase classname="tests.test_hsp20_durable_state" name="test_service_identity_faults_leave_absent_old_or_new_complete_state[after_identity_temp_write-retire]" time="0.110" /><testcase classname="tests.test_hsp20_durable_state" name="test_service_identity_faults_leave_absent_old_or_new_complete_state[after_identity_temp_write-roll]" time="0.086" /><testcase classname="tests.test_hsp20_durable_state" name="test_service_identity_faults_leave_absent_old_or_new_complete_state[after_identity_temp_fsync-create]" time="0.041" /><testcase classname="tests.test_hsp20_durable_state" name="test_service_identity_faults_leave_absent_old_or_new_complete_state[after_identity_temp_fsync-rotate]" time="0.045" /><testcase classname="tests.test_hsp20_durable_state" name="test_service_identity_faults_leave_absent_old_or_new_complete_state[after_identity_temp_fsync-retire]" time="0.152" /><testcase classname="tests.test_hsp20_durable_state" name="test_service_identity_faults_leave_absent_old_or_new_complete_state[after_identity_temp_fsync-roll]" time="0.055" /><testcase classname="tests.test_hsp20_durable_state" name="test_service_identity_faults_leave_absent_old_or_new_complete_state[after_identity_rename-create]" time="0.043" /><testcase classname="tests.test_hsp20_durable_state" name="test_service_identity_faults_leave_absent_old_or_new_complete_state[after_identity_rename-rotate]" time="0.110" /><testcase classname="tests.test_hsp20_durable_state" name="test_service_identity_faults_leave_absent_old_or_new_complete_state[after_identity_rename-retire]" time="0.227" /><testcase classname="tests.test_hsp20_durable_state" name="test_service_identity_faults_leave_absent_old_or_new_complete_state[after_identity_rename-roll]" time="0.115" /><testcase classname="tests.test_hsp20_durable_state" name="test_service_identity_faults_leave_absent_old_or_new_complete_state[after_identity_directory_fsync-create]" time="0.041" /><testcase classname="tests.test_hsp20_durable_state" name="test_service_identity_faults_leave_absent_old_or_new_complete_state[after_identity_directory_fsync-rotate]" time="0.152" /><testcase classname="tests.test_hsp20_durable_state" name="test_service_identity_faults_leave_absent_old_or_new_complete_state[after_identity_directory_fsync-retire]" time="0.201" /><testcase classname="tests.test_hsp20_durable_state" name="test_service_identity_faults_leave_absent_old_or_new_complete_state[after_identity_directory_fsync-roll]" time="0.145" /><testcase classname="tests.test_hsp20_durable_state" name="test_service_identity_rejects_permissions_symlinks_and_leaf_replacement_without_repair" time="0.056" /><testcase classname="tests.test_hsp20_durable_state" name="test_service_identity_rejects_symlinked_ancestor_or_root_without_outside_writes[ancestor]" time="0.002" /><testcase classname="tests.test_hsp20_durable_state" name="test_service_identity_rejects_symlinked_ancestor_or_root_without_outside_writes[root]" time="0.001" /><testcase classname="tests.test_hsp20_durable_state" name="test_service_identity_malformed_and_symlink_matrix_fails_closed[partial]" time="0.074" /><testcase classname="tests.test_hsp20_durable_state" name="test_service_identity_malformed_and_symlink_matrix_fails_closed[noncanonical]" time="0.061" /><testcase classname="tests.test_hsp20_durable_state" name="test_service_identity_malformed_and_symlink_matrix_fails_closed[unknown]" time="0.040" /><testcase classname="tests.test_hsp20_durable_state" name="test_service_identity_malformed_and_symlink_matrix_fails_closed[short_secret]" time="0.041" /><testcase classname="tests.test_hsp20_durable_state" name="test_service_identity_malformed_and_symlink_matrix_fails_closed[identity_symlink]" time="0.042" /><testcase classname="tests.test_hsp20_durable_state" name="test_service_identity_malformed_and_symlink_matrix_fails_closed[lock_symlink]" time="0.038" /><testcase classname="tests.test_hsp20_durable_state" name="test_service_identity_malformed_and_symlink_matrix_fails_closed[temp_symlink]" time="0.056" /><testcase classname="tests.test_hsp20_durable_state" name="test_service_identity_partial_unnamed_write_keeps_old_truth_and_no_namespace_artifact" time="0.048" /><testcase classname="tests.test_hsp20_durable_state" name="test_service_identity_destination_replacement_is_preserved_before_publication" time="0.118" /><testcase classname="tests.test_hsp20_durable_state" name="test_service_identity_unknown_legacy_temp_is_preserved_and_never_adopted" time="0.049" /><testcase classname="tests.test_hsp20_durable_state" name="test_service_identity_same_content_transaction_inode_replacement_is_preserved[marker-after_identity_marker_fsync]" time="0.051" /><testcase classname="tests.test_hsp20_durable_state" name="test_service_identity_same_content_transaction_inode_replacement_is_preserved[new-after_identity_new_witness_link]" time="0.062" /><testcase classname="tests.test_hsp20_durable_state" name="test_service_identity_same_content_transaction_inode_replacement_is_preserved[old-after_identity_old_witness_link]" time="0.063" /><testcase classname="tests.test_hsp20_durable_state" name="test_service_identity_same_content_transaction_inode_replacement_is_preserved[swap-after_identity_swap_witness_link]" time="0.069" /><testcase classname="tests.test_hsp20_durable_state" name="test_service_identity_hostile_new_witness_replacement_fails_without_destructive_effects[different]" time="0.059" /><testcase classname="tests.test_hsp20_durable_state" name="test_service_identity_hostile_new_witness_replacement_fails_without_destructive_effects[partial]" time="0.074" /><testcase classname="tests.test_hsp20_durable_state" name="test_service_identity_hostile_new_witness_replacement_fails_without_destructive_effects[symlink]" time="0.058" /><testcase classname="tests.test_hsp20_durable_state" name="test_service_identity_hostile_new_witness_replacement_fails_without_destructive_effects[directory]" time="0.073" /><testcase classname="tests.test_hsp20_durable_state" name="test_service_identity_missing_witness_recovers_only_as_the_earlier_crash_compatible_state" time="0.131" /><testcase classname="tests.test_hsp20_durable_state" name="test_service_identity_cleanup_replacement_is_quarantined_and_never_destroyed[before_quarantine]" time="0.115" /><testcase classname="tests.test_hsp20_durable_state" name="test_service_identity_cleanup_replacement_is_quarantined_and_never_destroyed[after_quarantine]" time="0.106" /><testcase classname="tests.test_hsp20_durable_state" name="test_service_identity_canonical_replacement_during_cleanup_stops_before_unlink" time="0.191" /><testcase classname="tests.test_hsp20_durable_state" name="test_service_identity_recovery_rejects_missing_marker_multiple_txids_and_impossible_roles" time="0.249" /><testcase classname="tests.test_hsp20_durable_state" name="test_service_identity_copied_inflight_transaction_is_never_relocated_as_truth[after_identity_swap_witness_link]" time="0.076" /><testcase classname="tests.test_hsp20_durable_state" name="test_service_identity_copied_inflight_transaction_is_never_relocated_as_truth[after_identity_rename]" time="0.085" /><testcase classname="tests.test_hsp20_durable_state" name="test_service_identity_exchange_races_preserve_every_inode_and_restore_old_canonical[swap]" time="0.171" /><testcase classname="tests.test_hsp20_durable_state" name="test_service_identity_exchange_races_preserve_every_inode_and_restore_old_canonical[canonical_and_swap]" time="0.162" /><testcase classname="tests.test_hsp20_durable_state" name="test_service_identity_exchange_races_preserve_every_inode_and_restore_old_canonical[after_exchange]" time="0.180" /><testcase classname="tests.test_hsp20_durable_state" name="test_service_identity_malformed_post_exchange_replacement_is_preserved_and_old_truth_restored" time="0.073" /><testcase classname="tests.test_hsp20_durable_state" name="test_service_identity_transaction_auxiliaries_are_private_under_umask_zero" time="0.056" /><testcase classname="tests.test_hsp20_durable_state" name="test_service_identity_lasting_path_replacements_fail_before_read_or_write[ancestor-state]" time="0.072" /><testcase classname="tests.test_hsp20_durable_state" name="test_service_identity_lasting_path_replacements_fail_before_read_or_write[ancestor-rotate]" time="0.055" /><testcase classname="tests.test_hsp20_durable_state" name="test_service_identity_lasting_path_replacements_fail_before_read_or_write[root-state]" time="0.065" /><testcase classname="tests.test_hsp20_durable_state" name="test_service_identity_lasting_path_replacements_fail_before_read_or_write[root-rotate]" time="0.042" /><testcase classname="tests.test_hsp20_durable_state" name="test_service_identity_lasting_path_replacements_fail_before_read_or_write[service-state]" time="0.041" /><testcase classname="tests.test_hsp20_durable_state" name="test_service_identity_lasting_path_replacements_fail_before_read_or_write[service-rotate]" time="0.072" /><testcase classname="tests.test_hsp20_durable_state" name="test_service_identity_lasting_path_replacements_fail_before_read_or_write[lock-state]" time="0.039" /><testcase classname="tests.test_hsp20_durable_state" name="test_service_identity_lasting_path_replacements_fail_before_read_or_write[lock-rotate]" time="0.040" /><testcase classname="tests.test_hsp20_durable_state" name="test_service_identity_live_namespace_replacements_fail_at_the_next_phase_without_further_effects[ancestor]" time="0.089" /><testcase classname="tests.test_hsp20_durable_state" name="test_service_identity_live_namespace_replacements_fail_at_the_next_phase_without_further_effects[root]" time="0.066" /><testcase classname="tests.test_hsp20_durable_state" name="test_service_identity_live_namespace_replacements_fail_at_the_next_phase_without_further_effects[service]" time="0.082" /><testcase classname="tests.test_hsp20_durable_state" name="test_service_identity_live_namespace_replacements_fail_at_the_next_phase_without_further_effects[lock]" time="0.045" /><testcase classname="tests.test_hsp20_durable_state" name="test_service_identity_live_namespace_replacements_fail_at_the_next_phase_without_further_effects[identity]" time="0.087" /><testcase classname="tests.test_hsp20_durable_state" name="test_service_identity_live_namespace_replacements_fail_at_the_next_phase_without_further_effects[marker]" time="0.075" /><testcase classname="tests.test_hsp20_durable_state" name="test_service_identity_live_namespace_replacements_fail_at_the_next_phase_without_further_effects[temp]" time="0.063" /><testcase classname="tests.test_hsp20_durable_state" name="test_service_identity_repeated_open_close_and_lock_failures_are_fd_flat" time="0.245" /><testcase classname="tests.test_hsp20_durable_state" name="test_service_identity_repeated_forced_procfs_publication_is_fd_flat" time="1.624" /><testcase classname="tests.test_hsp20_durable_state" name="test_service_identity_relocation_preserves_identity_without_absolute_paths" time="0.045" /><testcase classname="tests.test_slice3a_evidence" name="test_slice3a_acceptance_maps_every_changed_and_retained_artifact_once" time="0.001" /><testcase classname="tests.test_slice3a_evidence" name="test_slice3a_json_reports_are_complete_consistent_and_secret_free" time="0.001" /><testcase classname="tests.test_slice3a_evidence" name="test_slice3a_retained_junit_reports_have_no_failures_or_errors" time="0.002" /><testcase classname="tests.test_slice3a_evidence" name="test_slice3a_source_digest_manifest_binds_the_reviewed_files" time="0.002" /></testsuite></testsuites>