<?xml version="1.0" encoding="utf-8"?><testsuites name="pytest tests"><testsuite name="pytest" errors="0" failures="0" skipped="0" tests="106" time="42.248" timestamp="2026-08-04T00:10:23.661779+00:00" hostname="atum"><testcase classname="tests.test_slice3c1_service_authz" name="test_slice3c1_lineage_scope_clamps_readable_tiers_to_disclosure_ceiling" time="0.178"><properties><property name="hound.slice3c1.nodeid" value="tests/test_slice3c1_service_authz.py::test_slice3c1_lineage_scope_clamps_readable_tiers_to_disclosure_ceiling" /></properties></testcase><testcase classname="tests.test_slice3c1_service_authz" name="test_slice3c1_policy_replacement_during_commit_yields_503_not_eof" time="0.165"><properties><property name="hound.slice3c1.nodeid" value="tests/test_slice3c1_service_authz.py::test_slice3c1_policy_replacement_during_commit_yields_503_not_eof" /></properties></testcase><testcase classname="tests.test_slice3c1_service_authz" name="test_slice3c1_journal_query_lane_filter_returns_filter_not_available" time="0.196"><properties><property name="hound.slice3c1.nodeid" value="tests/test_slice3c1_service_authz.py::test_slice3c1_journal_query_lane_filter_returns_filter_not_available" /></properties></testcase><testcase classname="tests.test_slice3c1_service_authz" name="test_slice3c1_principal_decodes_uid_above_signed_int32_range" time="0.000"><properties><property name="hound.slice3c1.nodeid" value="tests/test_slice3c1_service_authz.py::test_slice3c1_principal_decodes_uid_above_signed_int32_range" /></properties></testcase><testcase classname="tests.test_slice3c1_commit_runtime" name="test_slice3c1_file_commit_replay_and_import_occurrence" time="0.198"><properties><property name="hound.slice3c1.nodeid" value="tests/test_slice3c1_commit_runtime.py::test_slice3c1_file_commit_replay_and_import_occurrence" /></properties></testcase><testcase classname="tests.test_slice3c1_commit_runtime" name="test_slice3c1_refusal_and_reserved_route_do_not_create_state" time="0.186"><properties><property name="hound.slice3c1.nodeid" value="tests/test_slice3c1_commit_runtime.py::test_slice3c1_refusal_and_reserved_route_do_not_create_state" /></properties></testcase><testcase classname="tests.test_slice3c1_commit_runtime" name="test_slice3c1_prepared_record_recovers_once_and_collision_never_reads_source[ingest.file-None]" time="0.136"><properties><property name="hound.slice3c1.nodeid" value="tests/test_slice3c1_commit_runtime.py::test_slice3c1_prepared_record_recovers_once_and_collision_never_reads_source[ingest.file-None]" /></properties></testcase><testcase classname="tests.test_slice3c1_commit_runtime" name="test_slice3c1_prepared_record_recovers_once_and_collision_never_reads_source[import.record-recovery-legacy]" time="0.144"><properties><property name="hound.slice3c1.nodeid" value="tests/test_slice3c1_commit_runtime.py::test_slice3c1_prepared_record_recovers_once_and_collision_never_reads_source[import.record-recovery-legacy]" /></properties></testcase><testcase classname="tests.test_slice3c1_commit_runtime" name="test_slice3c1_tampered_reservation_is_integrity_while_changed_request_is_collision" time="0.101"><properties><property name="hound.slice3c1.nodeid" value="tests/test_slice3c1_commit_runtime.py::test_slice3c1_tampered_reservation_is_integrity_while_changed_request_is_collision" /></properties></testcase><testcase classname="tests.test_slice3c1_commit_runtime" name="test_slice3c1_real_uds_post_and_strict_client_exit_mapping" time="0.232"><properties><property name="hound.slice3c1.nodeid" value="tests/test_slice3c1_commit_runtime.py::test_slice3c1_real_uds_post_and_strict_client_exit_mapping" /></properties></testcase><testcase classname="tests.test_slice3c1_commit_runtime" name="test_slice3c1_real_subprocess_uds_commits_exact_journal_and_projection_rows" time="0.518"><properties><property name="hound.slice3c1.nodeid" value="tests/test_slice3c1_commit_runtime.py::test_slice3c1_real_subprocess_uds_commits_exact_journal_and_projection_rows" /></properties></testcase><testcase classname="tests.test_slice3c1_commit_runtime" name="test_slice3c1_fake_server_validates_responses_and_cli_exit_matrix[200-body0-4]" time="0.006"><properties><property name="hound.slice3c1.nodeid" value="tests/test_slice3c1_commit_runtime.py::test_slice3c1_fake_server_validates_responses_and_cli_exit_matrix[200-body0-4]" /></properties></testcase><testcase classname="tests.test_slice3c1_commit_runtime" name="test_slice3c1_fake_server_validates_responses_and_cli_exit_matrix[400-body1-2]" time="0.005"><properties><property name="hound.slice3c1.nodeid" value="tests/test_slice3c1_commit_runtime.py::test_slice3c1_fake_server_validates_responses_and_cli_exit_matrix[400-body1-2]" /></properties></testcase><testcase classname="tests.test_slice3c1_commit_runtime" name="test_slice3c1_fake_server_validates_responses_and_cli_exit_matrix[404-body2-3]" time="0.005"><properties><property name="hound.slice3c1.nodeid" value="tests/test_slice3c1_commit_runtime.py::test_slice3c1_fake_server_validates_responses_and_cli_exit_matrix[404-body2-3]" /></properties></testcase><testcase classname="tests.test_slice3c1_commit_runtime" name="test_slice3c1_fake_server_validates_responses_and_cli_exit_matrix[503-body3-5]" time="0.006"><properties><property name="hound.slice3c1.nodeid" value="tests/test_slice3c1_commit_runtime.py::test_slice3c1_fake_server_validates_responses_and_cli_exit_matrix[503-body3-5]" /></properties></testcase><testcase classname="tests.test_slice3c1_commit_runtime" name="test_slice3c1_client_accepts_every_durable_noncompleted_outcome" time="0.001"><properties><property name="hound.slice3c1.nodeid" value="tests/test_slice3c1_commit_runtime.py::test_slice3c1_client_accepts_every_durable_noncompleted_outcome" /></properties></testcase><testcase classname="tests.test_slice3c1_commit_runtime" name="test_slice3c1_recoverable_post_frame_error_uses_commit_schema" time="0.143"><properties><property name="hound.slice3c1.nodeid" value="tests/test_slice3c1_commit_runtime.py::test_slice3c1_recoverable_post_frame_error_uses_commit_schema" /></properties></testcase><testcase classname="tests.test_slice3c1_commit_runtime" name="test_slice3c1_legacy_conflict_preflight_creates_no_attempt" time="0.051"><properties><property name="hound.slice3c1.nodeid" value="tests/test_slice3c1_commit_runtime.py::test_slice3c1_legacy_conflict_preflight_creates_no_attempt" /></properties></testcase><testcase classname="tests.test_slice3c1_commit_runtime" name="test_slice3c1_inventory_is_startup_only_and_pair_tampering_fails_closed" time="0.075"><properties><property name="hound.slice3c1.nodeid" value="tests/test_slice3c1_commit_runtime.py::test_slice3c1_inventory_is_startup_only_and_pair_tampering_fails_closed" /></properties></testcase><testcase classname="tests.test_slice3c1_commit_runtime" name="test_slice3c1_verifier_rejects_orphan_legacy_manifest" time="0.030"><properties><property name="hound.slice3c1.nodeid" value="tests/test_slice3c1_commit_runtime.py::test_slice3c1_verifier_rejects_orphan_legacy_manifest" /></properties></testcase><testcase classname="tests.test_slice3c1_commit_runtime" name="test_slice3c1_verifier_requires_canonical_transaction_tree" time="0.014"><properties><property name="hound.slice3c1.nodeid" value="tests/test_slice3c1_commit_runtime.py::test_slice3c1_verifier_requires_canonical_transaction_tree" /></properties></testcase><testcase classname="tests.test_slice3c1_commit_runtime" name="test_slice3c1_verifier_rejects_duplicate_or_forged_outcome_event[ingest.file]" time="0.138"><properties><property name="hound.slice3c1.nodeid" value="tests/test_slice3c1_commit_runtime.py::test_slice3c1_verifier_rejects_duplicate_or_forged_outcome_event[ingest.file]" /></properties></testcase><testcase classname="tests.test_slice3c1_commit_runtime" name="test_slice3c1_verifier_rejects_duplicate_or_forged_outcome_event[import.record]" time="0.148"><properties><property name="hound.slice3c1.nodeid" value="tests/test_slice3c1_commit_runtime.py::test_slice3c1_verifier_rejects_duplicate_or_forged_outcome_event[import.record]" /></properties></testcase><testcase classname="tests.test_slice3c1_commit_runtime" name="test_slice3c1_verifier_rejects_outcome_event_schema_relabeling[ingest.file]" time="0.143"><properties><property name="hound.slice3c1.nodeid" value="tests/test_slice3c1_commit_runtime.py::test_slice3c1_verifier_rejects_outcome_event_schema_relabeling[ingest.file]" /></properties></testcase><testcase classname="tests.test_slice3c1_commit_runtime" name="test_slice3c1_verifier_rejects_outcome_event_schema_relabeling[import.record]" time="0.113"><properties><property name="hound.slice3c1.nodeid" value="tests/test_slice3c1_commit_runtime.py::test_slice3c1_verifier_rejects_outcome_event_schema_relabeling[import.record]" /></properties></testcase><testcase classname="tests.test_slice3c1_commit_runtime" name="test_slice3c1_import_graph_requires_manifest_when_legacy_id_is_digest" time="0.137"><properties><property name="hound.slice3c1.nodeid" value="tests/test_slice3c1_commit_runtime.py::test_slice3c1_import_graph_requires_manifest_when_legacy_id_is_digest" /></properties></testcase><testcase classname="tests.test_slice3c1_commit_runtime" name="test_slice3c1_pair_validation_rejects_unbound_route_payload_and_scalar_subtypes" time="0.086"><properties><property name="hound.slice3c1.nodeid" value="tests/test_slice3c1_commit_runtime.py::test_slice3c1_pair_validation_rejects_unbound_route_payload_and_scalar_subtypes" /></properties></testcase><testcase classname="tests.test_slice3c1_commit_runtime" name="test_slice3c1_client_requires_one_entry_and_nonempty_records_for_durable_200" time="0.001"><properties><property name="hound.slice3c1.nodeid" value="tests/test_slice3c1_commit_runtime.py::test_slice3c1_client_requires_one_entry_and_nonempty_records_for_durable_200" /></properties></testcase><testcase classname="tests.test_slice3c1_commit_runtime" name="test_slice3c1_open_import_recovery_is_outcome_only_and_replays_without_raw_object" time="0.161"><properties><property name="hound.slice3c1.nodeid" value="tests/test_slice3c1_commit_runtime.py::test_slice3c1_open_import_recovery_is_outcome_only_and_replays_without_raw_object" /></properties></testcase><testcase classname="tests.test_slice3c1_commit_runtime" name="test_slice3c1_open_file_recovery_has_one_interrupted_outcome_and_no_blob" time="0.127"><properties><property name="hound.slice3c1.nodeid" value="tests/test_slice3c1_commit_runtime.py::test_slice3c1_open_file_recovery_has_one_interrupted_outcome_and_no_blob" /></properties></testcase><testcase classname="tests.test_slice3c1_commit_runtime" name="test_slice3c1_open_recovery_reuses_one_interrupted_event_after_append_crash" time="0.169"><properties><property name="hound.slice3c1.nodeid" value="tests/test_slice3c1_commit_runtime.py::test_slice3c1_open_recovery_reuses_one_interrupted_event_after_append_crash" /></properties></testcase><testcase classname="tests.test_slice3c1_commit_runtime" name="test_slice3c1_prepared_recovery_replaces_an_outgrown_event_position" time="0.185"><properties><property name="hound.slice3c1.nodeid" value="tests/test_slice3c1_commit_runtime.py::test_slice3c1_prepared_recovery_replaces_an_outgrown_event_position" /></properties></testcase><testcase classname="tests.test_slice3c1_commit_runtime" name="test_slice3c1_resequenced_recovery_survives_a_crash_between_its_metadata_writes" time="0.162"><properties><property name="hound.slice3c1.nodeid" value="tests/test_slice3c1_commit_runtime.py::test_slice3c1_resequenced_recovery_survives_a_crash_between_its_metadata_writes" /></properties></testcase><testcase classname="tests.test_slice3c1_commit_runtime" name="test_slice3c1_prepared_import_checks_legacy_bytes_before_recovery_append" time="0.055"><properties><property name="hound.slice3c1.nodeid" value="tests/test_slice3c1_commit_runtime.py::test_slice3c1_prepared_import_checks_legacy_bytes_before_recovery_append" /></properties></testcase><testcase classname="tests.test_slice3c1_commit_runtime" name="test_slice3c1_recovery_completes_a_source_stage_left_before_outcome_record[ingest.file]" time="0.149"><properties><property name="hound.slice3c1.nodeid" value="tests/test_slice3c1_commit_runtime.py::test_slice3c1_recovery_completes_a_source_stage_left_before_outcome_record[ingest.file]" /></properties></testcase><testcase classname="tests.test_slice3c1_commit_runtime" name="test_slice3c1_recovery_completes_a_source_stage_left_before_outcome_record[import.record]" time="0.201"><properties><property name="hound.slice3c1.nodeid" value="tests/test_slice3c1_commit_runtime.py::test_slice3c1_recovery_completes_a_source_stage_left_before_outcome_record[import.record]" /></properties></testcase><testcase classname="tests.test_slice3c1_commit_runtime" name="test_slice3c1_recovery_accepts_only_ordered_private_metadata_transitions[prepared]" time="0.167"><properties><property name="hound.slice3c1.nodeid" value="tests/test_slice3c1_commit_runtime.py::test_slice3c1_recovery_accepts_only_ordered_private_metadata_transitions[prepared]" /></properties></testcase><testcase classname="tests.test_slice3c1_commit_runtime" name="test_slice3c1_recovery_accepts_only_ordered_private_metadata_transitions[complete]" time="0.145"><properties><property name="hound.slice3c1.nodeid" value="tests/test_slice3c1_commit_runtime.py::test_slice3c1_recovery_accepts_only_ordered_private_metadata_transitions[complete]" /></properties></testcase><testcase classname="tests.test_slice3c1_commit_runtime" name="test_slice3c1_service_replays_before_source_and_rejects_changed_binding" time="0.273"><properties><property name="hound.slice3c1.nodeid" value="tests/test_slice3c1_commit_runtime.py::test_slice3c1_service_replays_before_source_and_rejects_changed_binding" /></properties></testcase><testcase classname="tests.test_slice3c1_commit_runtime" name="test_slice3c1_final_replay_precedes_phi_manifest_io" time="0.232"><properties><property name="hound.slice3c1.nodeid" value="tests/test_slice3c1_commit_runtime.py::test_slice3c1_final_replay_precedes_phi_manifest_io" /></properties></testcase><testcase classname="tests.test_slice3c1_commit_runtime" name="test_slice3c1_manifest_change_during_normalization_fails_before_reservation" time="0.140"><properties><property name="hound.slice3c1.nodeid" value="tests/test_slice3c1_commit_runtime.py::test_slice3c1_manifest_change_during_normalization_fails_before_reservation" /></properties></testcase><testcase classname="tests.test_slice3c1_commit_runtime" name="test_slice3c1_manifest_change_before_reservation_fails_closed" time="0.138"><properties><property name="hound.slice3c1.nodeid" value="tests/test_slice3c1_commit_runtime.py::test_slice3c1_manifest_change_before_reservation_fails_closed" /></properties></testcase><testcase classname="tests.test_slice3c1_commit_runtime" name="test_slice3c1_unavailable_phi_manifest_never_reads_source_or_creates_attempt[absent]" time="0.129"><properties><property name="hound.slice3c1.nodeid" value="tests/test_slice3c1_commit_runtime.py::test_slice3c1_unavailable_phi_manifest_never_reads_source_or_creates_attempt[absent]" /></properties></testcase><testcase classname="tests.test_slice3c1_commit_runtime" name="test_slice3c1_unavailable_phi_manifest_never_reads_source_or_creates_attempt[unsafe]" time="0.172"><properties><property name="hound.slice3c1.nodeid" value="tests/test_slice3c1_commit_runtime.py::test_slice3c1_unavailable_phi_manifest_never_reads_source_or_creates_attempt[unsafe]" /></properties></testcase><testcase classname="tests.test_slice3c1_commit_runtime" name="test_slice3c1_replaced_phi_manifest_and_forked_service_fail_before_source" time="0.181"><properties><property name="hound.slice3c1.nodeid" value="tests/test_slice3c1_commit_runtime.py::test_slice3c1_replaced_phi_manifest_and_forked_service_fail_before_source" /></properties></testcase><testcase classname="tests.test_slice3c1_commit_runtime" name="test_slice3c1_authorization_denial_never_reads_source_or_creates_attempt" time="0.136"><properties><property name="hound.slice3c1.nodeid" value="tests/test_slice3c1_commit_runtime.py::test_slice3c1_authorization_denial_never_reads_source_or_creates_attempt" /></properties></testcase><testcase classname="tests.test_slice3c1_commit_runtime" name="test_slice3c1_recovery_rejects_partial_pair_and_event_without_record" time="0.128"><properties><property name="hound.slice3c1.nodeid" value="tests/test_slice3c1_commit_runtime.py::test_slice3c1_recovery_rejects_partial_pair_and_event_without_record" /></properties></testcase><testcase classname="tests.test_slice3c1_commit_runtime" name="test_slice3c1_unscoped_import_lineage_selects_no_existing_event" time="0.129"><properties><property name="hound.slice3c1.nodeid" value="tests/test_slice3c1_commit_runtime.py::test_slice3c1_unscoped_import_lineage_selects_no_existing_event" /></properties></testcase><testcase classname="tests.test_slice3c1_commit_runtime" name="test_slice3c1_ambiguous_authorized_import_lineage_rejects_before_reservation" time="0.057"><properties><property name="hound.slice3c1.nodeid" value="tests/test_slice3c1_commit_runtime.py::test_slice3c1_ambiguous_authorized_import_lineage_rejects_before_reservation" /></properties></testcase><testcase classname="tests.test_slice3c1_commit_runtime" name="test_slice3c1_public_cli_is_socket_only_and_maps_commit_exits" time="0.286"><properties><property name="hound.slice3c1.nodeid" value="tests/test_slice3c1_commit_runtime.py::test_slice3c1_public_cli_is_socket_only_and_maps_commit_exits" /></properties></testcase><testcase classname="tests.test_slice3c1_contract_source_phi" name="test_routes_are_exact_and_only_declared_bindings_are_available" time="0.000"><properties><property name="hound.slice3c1.nodeid" value="tests/test_slice3c1_contract_source_phi.py::test_routes_are_exact_and_only_declared_bindings_are_available" /></properties></testcase><testcase classname="tests.test_slice3c1_contract_source_phi" name="test_route_must_be_the_exact_available_fixed_binding_everywhere" time="0.000"><properties><property name="hound.slice3c1.nodeid" value="tests/test_slice3c1_contract_source_phi.py::test_route_must_be_the_exact_available_fixed_binding_everywhere" /></properties></testcase><testcase classname="tests.test_slice3c1_contract_source_phi" name="test_commit_request_is_strict_and_binds_operation_capability" time="0.000"><properties><property name="hound.slice3c1.nodeid" value="tests/test_slice3c1_contract_source_phi.py::test_commit_request_is_strict_and_binds_operation_capability" /></properties></testcase><testcase classname="tests.test_slice3c1_contract_source_phi" name="test_source_normalization_removes_transport_and_path_is_held_nofollow" time="0.001"><properties><property name="hound.slice3c1.nodeid" value="tests/test_slice3c1_contract_source_phi.py::test_source_normalization_removes_transport_and_path_is_held_nofollow" /></properties></testcase><testcase classname="tests.test_slice3c1_contract_source_phi" name="test_source_mismatch_and_subtype_attacks_fail_closed" time="0.000"><properties><property name="hound.slice3c1.nodeid" value="tests/test_slice3c1_contract_source_phi.py::test_source_mismatch_and_subtype_attacks_fail_closed" /></properties></testcase><testcase classname="tests.test_slice3c1_contract_source_phi" name="test_direct_models_reject_nested_hostile_subtypes_and_are_deeply_immutable" time="0.000"><properties><property name="hound.slice3c1.nodeid" value="tests/test_slice3c1_contract_source_phi.py::test_direct_models_reject_nested_hostile_subtypes_and_are_deeply_immutable" /></properties></testcase><testcase classname="tests.test_slice3c1_contract_source_phi" name="test_canonical_identity_ignores_source_kind_path_and_base64" time="0.001"><properties><property name="hound.slice3c1.nodeid" value="tests/test_slice3c1_contract_source_phi.py::test_canonical_identity_ignores_source_kind_path_and_base64" /></properties></testcase><testcase classname="tests.test_slice3c1_contract_source_phi" name="test_canonicalization_cannot_rebind_a_normalized_source" time="0.000"><properties><property name="hound.slice3c1.nodeid" value="tests/test_slice3c1_contract_source_phi.py::test_canonicalization_cannot_rebind_a_normalized_source" /></properties></testcase><testcase classname="tests.test_slice3c1_contract_source_phi" name="test_missing_required_path_primitive_fails_closed[O_NOFOLLOW]" time="0.001"><properties><property name="hound.slice3c1.nodeid" value="tests/test_slice3c1_contract_source_phi.py::test_missing_required_path_primitive_fails_closed[O_NOFOLLOW]" /></properties></testcase><testcase classname="tests.test_slice3c1_contract_source_phi" name="test_missing_required_path_primitive_fails_closed[O_DIRECTORY]" time="0.001"><properties><property name="hound.slice3c1.nodeid" value="tests/test_slice3c1_contract_source_phi.py::test_missing_required_path_primitive_fails_closed[O_DIRECTORY]" /></properties></testcase><testcase classname="tests.test_slice3c1_contract_source_phi" name="test_missing_required_path_primitive_fails_closed[O_NONBLOCK]" time="0.001"><properties><property name="hound.slice3c1.nodeid" value="tests/test_slice3c1_contract_source_phi.py::test_missing_required_path_primitive_fails_closed[O_NONBLOCK]" /></properties></testcase><testcase classname="tests.test_slice3c1_contract_source_phi" name="test_path_fifo_never_blocks_and_fails_closed" time="0.009"><properties><property name="hound.slice3c1.nodeid" value="tests/test_slice3c1_contract_source_phi.py::test_path_fifo_never_blocks_and_fails_closed" /></properties></testcase><testcase classname="tests.test_slice3c1_contract_source_phi" name="test_path_post_read_mode_race_and_growth_fail_closed" time="0.002"><properties><property name="hound.slice3c1.nodeid" value="tests/test_slice3c1_contract_source_phi.py::test_path_post_read_mode_race_and_growth_fail_closed" /></properties></testcase><testcase classname="tests.test_slice3c1_contract_source_phi" name="test_path_current_binding_replacement_fails_closed" time="0.001"><properties><property name="hound.slice3c1.nodeid" value="tests/test_slice3c1_contract_source_phi.py::test_path_current_binding_replacement_fails_closed" /></properties></testcase><testcase classname="tests.test_slice3c1_contract_source_phi" name="test_path_binding_and_held_descriptor_fail_after_fork" time="0.001"><properties><property name="hound.slice3c1.nodeid" value="tests/test_slice3c1_contract_source_phi.py::test_path_binding_and_held_descriptor_fail_after_fork" /></properties></testcase><testcase classname="tests.test_slice3c1_contract_source_phi" name="test_phi_manifest_is_canonical_private_and_scanner_is_frozen" time="0.002"><properties><property name="hound.slice3c1.nodeid" value="tests/test_slice3c1_contract_source_phi.py::test_phi_manifest_is_canonical_private_and_scanner_is_frozen" /></properties></testcase><testcase classname="tests.test_slice3c1_contract_source_phi" name="test_manifest_replacement_growth_and_held_descriptor_fork_fail_closed" time="0.002"><properties><property name="hound.slice3c1.nodeid" value="tests/test_slice3c1_contract_source_phi.py::test_manifest_replacement_growth_and_held_descriptor_fork_fail_closed" /></properties></testcase><testcase classname="tests.test_slice3c1_contract_source_phi" name="test_phi_manifest_rejects_wrong_mode_order_duplicates_and_unsupported_subtypes" time="0.001"><properties><property name="hound.slice3c1.nodeid" value="tests/test_slice3c1_contract_source_phi.py::test_phi_manifest_rejects_wrong_mode_order_duplicates_and_unsupported_subtypes" /></properties></testcase><testcase classname="tests.test_slice3c1_contract_source_phi" name="test_commit_response_is_exact_and_source_details_never_appear" time="0.000"><properties><property name="hound.slice3c1.nodeid" value="tests/test_slice3c1_contract_source_phi.py::test_commit_response_is_exact_and_source_details_never_appear" /></properties></testcase><testcase classname="tests.test_slice3c1_contract_source_phi" name="test_canonical_base64_and_exact_encoded_and_decoded_boundaries" time="0.723"><properties><property name="hound.slice3c1.nodeid" value="tests/test_slice3c1_contract_source_phi.py::test_canonical_base64_and_exact_encoded_and_decoded_boundaries" /></properties></testcase><testcase classname="tests.test_slice3c1_observations" name="test_slice3c1_live_observations_are_emitted_only_for_the_evidence_runner" time="0.000"><properties><property name="hound.slice3c1.nodeid" value="tests/test_slice3c1_observations.py::test_slice3c1_live_observations_are_emitted_only_for_the_evidence_runner" /><property name="hound.slice3c1.observation" value="{&quot;named_tests&quot;:[&quot;tests/test_slice3c1_observations.py::test_slice3c1_live_observations_are_emitted_only_for_the_evidence_runner&quot;],&quot;producer&quot;:{&quot;classname&quot;:&quot;tests.test_slice3c1_observations&quot;,&quot;name&quot;:&quot;test_slice3c1_live_observations_are_emitted_only_for_the_evidence_runner&quot;,&quot;node_id&quot;:&quot;tests/test_slice3c1_observations.py::test_slice3c1_live_observations_are_emitted_only_for_the_evidence_runner&quot;},&quot;schema_version&quot;:&quot;houndd.slice3c1.live-observations.v1&quot;,&quot;wire&quot;:{&quot;encoded_json_limit&quot;:1048576,&quot;version&quot;:&quot;houndd.uds.v1&quot;}}" /></properties></testcase><testcase classname="tests.test_slice3c1_evidence" name="test_verifier_binds_isolated_source_argv_nodes_and_typed_observations" time="1.235"><properties><property name="hound.slice3c1.nodeid" value="tests/test_slice3c1_evidence.py::test_verifier_binds_isolated_source_argv_nodes_and_typed_observations" /></properties></testcase><testcase classname="tests.test_slice3c1_evidence" name="test_test_files_match_between_generator_and_verifier" time="0.001"><properties><property name="hound.slice3c1.nodeid" value="tests/test_slice3c1_evidence.py::test_test_files_match_between_generator_and_verifier" /></properties></testcase><testcase classname="tests.test_slice3c1_evidence" name="test_source_closure_is_every_tracked_regular_source_and_python_test_file" time="0.782"><properties><property name="hound.slice3c1.nodeid" value="tests/test_slice3c1_evidence.py::test_source_closure_is_every_tracked_regular_source_and_python_test_file" /></properties></testcase><testcase classname="tests.test_slice3c1_evidence" name="test_verifier_rejects_resealed_non_exact_collection_exit_code[False]" time="1.153"><properties><property name="hound.slice3c1.nodeid" value="tests/test_slice3c1_evidence.py::test_verifier_rejects_resealed_non_exact_collection_exit_code[False]" /></properties></testcase><testcase classname="tests.test_slice3c1_evidence" name="test_verifier_rejects_resealed_non_exact_collection_exit_code[0.0]" time="1.068"><properties><property name="hound.slice3c1.nodeid" value="tests/test_slice3c1_evidence.py::test_verifier_rejects_resealed_non_exact_collection_exit_code[0.0]" /></properties></testcase><testcase classname="tests.test_slice3c1_evidence" name="test_verifier_rejects_resealed_non_exact_collection_exit_code[-0.0]" time="1.026"><properties><property name="hound.slice3c1.nodeid" value="tests/test_slice3c1_evidence.py::test_verifier_rejects_resealed_non_exact_collection_exit_code[-0.0]" /></properties></testcase><testcase classname="tests.test_slice3c1_evidence" name="test_verifier_rejects_resealed_non_exact_collection_exit_code[True]" time="1.086"><properties><property name="hound.slice3c1.nodeid" value="tests/test_slice3c1_evidence.py::test_verifier_rejects_resealed_non_exact_collection_exit_code[True]" /></properties></testcase><testcase classname="tests.test_slice3c1_evidence" name="test_verifier_rejects_resealed_non_exact_collection_exit_code[1]" time="0.963"><properties><property name="hound.slice3c1.nodeid" value="tests/test_slice3c1_evidence.py::test_verifier_rejects_resealed_non_exact_collection_exit_code[1]" /></properties></testcase><testcase classname="tests.test_slice3c1_evidence" name="test_verifier_rejects_noncanonical_junit_counter_after_reseal" time="1.212"><properties><property name="hound.slice3c1.nodeid" value="tests/test_slice3c1_evidence.py::test_verifier_rejects_noncanonical_junit_counter_after_reseal" /></properties></testcase><testcase classname="tests.test_slice3c1_evidence" name="test_generator_runs_the_exact_commit_in_an_isolated_checkout" time="1.745"><properties><property name="hound.slice3c1.nodeid" value="tests/test_slice3c1_evidence.py::test_generator_runs_the_exact_commit_in_an_isolated_checkout" /></properties></testcase><testcase classname="tests.test_slice3c1_evidence" name="test_generator_and_verifier_ignore_malicious_ambient_git" time="2.082"><properties><property name="hound.slice3c1.nodeid" value="tests/test_slice3c1_evidence.py::test_generator_and_verifier_ignore_malicious_ambient_git" /></properties></testcase><testcase classname="tests.test_slice3c1_evidence" name="test_verifier_rejects_duplicate_manifest_and_collection_keys" time="0.730"><properties><property name="hound.slice3c1.nodeid" value="tests/test_slice3c1_evidence.py::test_verifier_rejects_duplicate_manifest_and_collection_keys" /></properties></testcase><testcase classname="tests.test_slice3c1_evidence" name="test_verifier_rejects_noncanonical_json_whitespace_after_reseal[run-manifest.json]" time="0.681"><properties><property name="hound.slice3c1.nodeid" value="tests/test_slice3c1_evidence.py::test_verifier_rejects_noncanonical_json_whitespace_after_reseal[run-manifest.json]" /></properties></testcase><testcase classname="tests.test_slice3c1_evidence" name="test_verifier_rejects_noncanonical_json_whitespace_after_reseal[slice3c1-collection.json]" time="0.921"><properties><property name="hound.slice3c1.nodeid" value="tests/test_slice3c1_evidence.py::test_verifier_rejects_noncanonical_json_whitespace_after_reseal[slice3c1-collection.json]" /></properties></testcase><testcase classname="tests.test_slice3c1_evidence" name="test_verifier_rejects_noncanonical_json_whitespace_after_reseal[observations.json]" time="1.245"><properties><property name="hound.slice3c1.nodeid" value="tests/test_slice3c1_evidence.py::test_verifier_rejects_noncanonical_json_whitespace_after_reseal[observations.json]" /></properties></testcase><testcase classname="tests.test_slice3c1_evidence" name="test_verifier_rejects_forged_bindings[argv]" time="0.851"><properties><property name="hound.slice3c1.nodeid" value="tests/test_slice3c1_evidence.py::test_verifier_rejects_forged_bindings[argv]" /></properties></testcase><testcase classname="tests.test_slice3c1_evidence" name="test_verifier_rejects_forged_bindings[node]" time="1.253"><properties><property name="hound.slice3c1.nodeid" value="tests/test_slice3c1_evidence.py::test_verifier_rejects_forged_bindings[node]" /></properties></testcase><testcase classname="tests.test_slice3c1_evidence" name="test_verifier_rejects_forged_bindings[source]" time="0.915"><properties><property name="hound.slice3c1.nodeid" value="tests/test_slice3c1_evidence.py::test_verifier_rejects_forged_bindings[source]" /></properties></testcase><testcase classname="tests.test_slice3c1_evidence" name="test_verifier_rejects_forged_bindings[observation]" time="1.230"><properties><property name="hound.slice3c1.nodeid" value="tests/test_slice3c1_evidence.py::test_verifier_rejects_forged_bindings[observation]" /></properties></testcase><testcase classname="tests.test_slice3c1_evidence" name="test_verifier_rejects_forged_bindings[run]" time="0.778"><properties><property name="hound.slice3c1.nodeid" value="tests/test_slice3c1_evidence.py::test_verifier_rejects_forged_bindings[run]" /></properties></testcase><testcase classname="tests.test_slice3c1_evidence" name="test_verifier_rejects_forged_bindings[thread]" time="0.687"><properties><property name="hound.slice3c1.nodeid" value="tests/test_slice3c1_evidence.py::test_verifier_rejects_forged_bindings[thread]" /></properties></testcase><testcase classname="tests.test_slice3c1_evidence" name="test_verifier_rejects_forged_bindings[interpreter]" time="0.883"><properties><property name="hound.slice3c1.nodeid" value="tests/test_slice3c1_evidence.py::test_verifier_rejects_forged_bindings[interpreter]" /></properties></testcase><testcase classname="tests.test_slice3c1_evidence" name="test_verifier_rejects_forged_bindings[git]" time="0.749"><properties><property name="hound.slice3c1.nodeid" value="tests/test_slice3c1_evidence.py::test_verifier_rejects_forged_bindings[git]" /></properties></testcase><testcase classname="tests.test_slice3c1_evidence" name="test_verifier_rejects_omitted_test_support_source[LICENSE.md]" time="0.823"><properties><property name="hound.slice3c1.nodeid" value="tests/test_slice3c1_evidence.py::test_verifier_rejects_omitted_test_support_source[LICENSE.md]" /></properties></testcase><testcase classname="tests.test_slice3c1_evidence" name="test_verifier_rejects_omitted_test_support_source[README.md]" time="0.852"><properties><property name="hound.slice3c1.nodeid" value="tests/test_slice3c1_evidence.py::test_verifier_rejects_omitted_test_support_source[README.md]" /></properties></testcase><testcase classname="tests.test_slice3c1_evidence" name="test_verifier_rejects_omitted_test_support_source[src/hound_fake_support/__init__.py]" time="0.749"><properties><property name="hound.slice3c1.nodeid" value="tests/test_slice3c1_evidence.py::test_verifier_rejects_omitted_test_support_source[src/hound_fake_support/__init__.py]" /></properties></testcase><testcase classname="tests.test_slice3c1_evidence" name="test_verifier_rejects_omitted_test_support_source[src/hound_fake_support/resource.txt]" time="0.763"><properties><property name="hound.slice3c1.nodeid" value="tests/test_slice3c1_evidence.py::test_verifier_rejects_omitted_test_support_source[src/hound_fake_support/resource.txt]" /></properties></testcase><testcase classname="tests.test_slice3c1_evidence" name="test_verifier_rejects_nonexact_evidence_inventory[extra]" time="0.706"><properties><property name="hound.slice3c1.nodeid" value="tests/test_slice3c1_evidence.py::test_verifier_rejects_nonexact_evidence_inventory[extra]" /></properties></testcase><testcase classname="tests.test_slice3c1_evidence" name="test_verifier_rejects_nonexact_evidence_inventory[nested]" time="0.704"><properties><property name="hound.slice3c1.nodeid" value="tests/test_slice3c1_evidence.py::test_verifier_rejects_nonexact_evidence_inventory[nested]" /></properties></testcase><testcase classname="tests.test_slice3c1_evidence" name="test_verifier_rejects_nonexact_evidence_inventory[symlink]" time="0.875"><properties><property name="hound.slice3c1.nodeid" value="tests/test_slice3c1_evidence.py::test_verifier_rejects_nonexact_evidence_inventory[symlink]" /></properties></testcase><testcase classname="tests.test_slice3c1_evidence" name="test_verifier_binds_observation_to_the_exact_unique_passing_testcase[missing]" time="1.087"><properties><property name="hound.slice3c1.nodeid" value="tests/test_slice3c1_evidence.py::test_verifier_binds_observation_to_the_exact_unique_passing_testcase[missing]" /></properties></testcase><testcase classname="tests.test_slice3c1_evidence" name="test_verifier_binds_observation_to_the_exact_unique_passing_testcase[duplicate]" time="1.200"><properties><property name="hound.slice3c1.nodeid" value="tests/test_slice3c1_evidence.py::test_verifier_binds_observation_to_the_exact_unique_passing_testcase[duplicate]" /></properties></testcase><testcase classname="tests.test_slice3c1_evidence" name="test_verifier_binds_observation_to_the_exact_unique_passing_testcase[wrong_node]" time="1.241"><properties><property name="hound.slice3c1.nodeid" value="tests/test_slice3c1_evidence.py::test_verifier_binds_observation_to_the_exact_unique_passing_testcase[wrong_node]" /></properties></testcase><testcase classname="tests.test_slice3c1_evidence" name="test_verifier_binds_observation_to_the_exact_unique_passing_testcase[wrong_case]" time="1.377"><properties><property name="hound.slice3c1.nodeid" value="tests/test_slice3c1_evidence.py::test_verifier_binds_observation_to_the_exact_unique_passing_testcase[wrong_case]" /></properties></testcase><testcase classname="tests.test_slice3c1_evidence" name="test_verifier_detects_altered_imported_hound_cli_source" time="0.904"><properties><property name="hound.slice3c1.nodeid" value="tests/test_slice3c1_evidence.py::test_verifier_detects_altered_imported_hound_cli_source" /></properties></testcase></testsuite></testsuites>