<?xml version="1.0" encoding="utf-8"?><testsuites name="pytest tests"><testsuite name="pytest" errors="0" failures="0" skipped="0" tests="116" time="92.252" timestamp="2026-08-01T16:18:51.139922+00:00" hostname="atum"><testcase classname="tests.test_slice3b_service" name="test_slice3b_subprocess_peer_query_strict_frame_and_permissions" time="0.309"><properties><property name="hound.slice3b.nodeid" value="tests/test_slice3b_service.py::test_slice3b_subprocess_peer_query_strict_frame_and_permissions" /></properties></testcase><testcase classname="tests.test_slice3b_service" name="test_slice3b_rejects_bad_frame_or_raw_path_with_exact_recoverable_id_semantics[\x00\x00\x00\x00-None]" time="0.332"><properties><property name="hound.slice3b.nodeid" value="tests/test_slice3b_service.py::test_slice3b_rejects_bad_frame_or_raw_path_with_exact_recoverable_id_semantics[\x00\x00\x00\x00-None]" /></properties></testcase><testcase classname="tests.test_slice3b_service" name="test_slice3b_rejects_bad_frame_or_raw_path_with_exact_recoverable_id_semantics[\x00\x10\x00\x01-None]" time="0.307"><properties><property name="hound.slice3b.nodeid" value="tests/test_slice3b_service.py::test_slice3b_rejects_bad_frame_or_raw_path_with_exact_recoverable_id_semantics[\x00\x10\x00\x01-None]" /></properties></testcase><testcase classname="tests.test_slice3b_service" name="test_slice3b_rejects_bad_frame_or_raw_path_with_exact_recoverable_id_semantics[\x00\x00\x00\x03{}-None]" time="0.313"><properties><property name="hound.slice3b.nodeid" value="tests/test_slice3b_service.py::test_slice3b_rejects_bad_frame_or_raw_path_with_exact_recoverable_id_semantics[\x00\x00\x00\x03{}-None]" /></properties></testcase><testcase classname="tests.test_slice3b_service" name="test_slice3b_rejects_bad_frame_or_raw_path_with_exact_recoverable_id_semantics[\x00\x00\x01k{&quot;body&quot;:{&quot;operation&quot;:{&quot;name&quot;:&quot;journal.query&quot;,&quot;payload&quot;:{&quot;filter&quot;:{},&quot;limit&quot;:10}},&quot;policy_id&quot;:&quot;policy-reader&quot;,&quot;producer&quot;:{&quot;capability&quot;:&quot;journal.query&quot;,&quot;owner_id&quot;:&quot;reader&quot;,&quot;run_id&quot;:&quot;client-run&quot;},&quot;request_id&quot;:&quot;request-1&quot;,&quot;requested_access&quot;:&quot;workspace&quot;,&quot;schema_version&quot;:&quot;houndd.read-request.v1&quot;},&quot;method&quot;:&quot;GET&quot;,&quot;path&quot;:&quot;/v1/journal?x=1&quot;,&quot;wire_version&quot;:&quot;houndd.uds.v1&quot;}-400]" time="0.379"><properties><property name="hound.slice3b.nodeid" value="tests/test_slice3b_service.py::test_slice3b_rejects_bad_frame_or_raw_path_with_exact_recoverable_id_semantics[\x00\x00\x01k{&quot;body&quot;:{&quot;operation&quot;:{&quot;name&quot;:&quot;journal.query&quot;,&quot;payload&quot;:{&quot;filter&quot;:{},&quot;limit&quot;:10}},&quot;policy_id&quot;:&quot;policy-reader&quot;,&quot;producer&quot;:{&quot;capability&quot;:&quot;journal.query&quot;,&quot;owner_id&quot;:&quot;reader&quot;,&quot;run_id&quot;:&quot;client-run&quot;},&quot;request_id&quot;:&quot;request-1&quot;,&quot;requested_access&quot;:&quot;workspace&quot;,&quot;schema_version&quot;:&quot;houndd.read-request.v1&quot;},&quot;method&quot;:&quot;GET&quot;,&quot;path&quot;:&quot;/v1/journal?x=1&quot;,&quot;wire_version&quot;:&quot;houndd.uds.v1&quot;}-400]" /></properties></testcase><testcase classname="tests.test_slice3b_service" name="test_slice3b_rejects_bad_frame_or_raw_path_with_exact_recoverable_id_semantics[\x00\x00\x01g{&quot;body&quot;:{&quot;operation&quot;:{&quot;name&quot;:&quot;journal.query&quot;,&quot;payload&quot;:{&quot;filter&quot;:{},&quot;limit&quot;:10}},&quot;policy_id&quot;:&quot;policy-reader&quot;,&quot;producer&quot;:{&quot;capability&quot;:&quot;journal.query&quot;,&quot;owner_id&quot;:&quot;reader&quot;,&quot;run_id&quot;:&quot;client-run&quot;},&quot;request_id&quot;:&quot;request-1&quot;,&quot;requested_access&quot;:&quot;workspace&quot;,&quot;schema_version&quot;:&quot;houndd.read-request.v1&quot;},&quot;method&quot;:&quot;GET&quot;,&quot;path&quot;:&quot;/v1/journal&quot;,&quot;wire_version&quot;:&quot;houndd.uds.v1&quot;}x-400]" time="0.342"><properties><property name="hound.slice3b.nodeid" value="tests/test_slice3b_service.py::test_slice3b_rejects_bad_frame_or_raw_path_with_exact_recoverable_id_semantics[\x00\x00\x01g{&quot;body&quot;:{&quot;operation&quot;:{&quot;name&quot;:&quot;journal.query&quot;,&quot;payload&quot;:{&quot;filter&quot;:{},&quot;limit&quot;:10}},&quot;policy_id&quot;:&quot;policy-reader&quot;,&quot;producer&quot;:{&quot;capability&quot;:&quot;journal.query&quot;,&quot;owner_id&quot;:&quot;reader&quot;,&quot;run_id&quot;:&quot;client-run&quot;},&quot;request_id&quot;:&quot;request-1&quot;,&quot;requested_access&quot;:&quot;workspace&quot;,&quot;schema_version&quot;:&quot;houndd.read-request.v1&quot;},&quot;method&quot;:&quot;GET&quot;,&quot;path&quot;:&quot;/v1/journal&quot;,&quot;wire_version&quot;:&quot;houndd.uds.v1&quot;}x-400]" /></properties></testcase><testcase classname="tests.test_slice3b_service" name="test_slice3b_policy_ceiling_and_replacement_fail_closed" time="0.356"><properties><property name="hound.slice3b.nodeid" value="tests/test_slice3b_service.py::test_slice3b_policy_ceiling_and_replacement_fail_closed" /></properties></testcase><testcase classname="tests.test_slice3b_service" name="test_slice3b_cli_query_maps_service_statuses" time="0.497"><properties><property name="hound.slice3b.nodeid" value="tests/test_slice3b_service.py::test_slice3b_cli_query_maps_service_statuses" /></properties></testcase><testcase classname="tests.test_slice3b_service" name="test_slice3b_cli_exit_matrix_has_no_direct_fallback" time="0.882"><properties><property name="hound.slice3b.nodeid" value="tests/test_slice3b_service.py::test_slice3b_cli_exit_matrix_has_no_direct_fallback" /></properties></testcase><testcase classname="tests.test_slice3b_service" name="test_slice3b_body_limit_is_explicit_and_checked_before_parse" time="0.051"><properties><property name="hound.slice3b.nodeid" value="tests/test_slice3b_service.py::test_slice3b_body_limit_is_explicit_and_checked_before_parse" /></properties></testcase><testcase classname="tests.test_slice3b_hostile" name="test_recoverable_id_framing_failures_get_exactly_one_400[{&quot;body&quot;:{&quot;extra&quot;:1,&quot;extra&quot;:2,&quot;request_id&quot;:&quot;request-1&quot;},&quot;method&quot;:&quot;GET&quot;,&quot;path&quot;:&quot;/v1/journal&quot;,&quot;wire_version&quot;:&quot;houndd.uds.v1&quot;}]" time="0.298"><properties><property name="hound.slice3b.nodeid" value="tests/test_slice3b_hostile.py::test_recoverable_id_framing_failures_get_exactly_one_400[{&quot;body&quot;:{&quot;extra&quot;:1,&quot;extra&quot;:2,&quot;request_id&quot;:&quot;request-1&quot;},&quot;method&quot;:&quot;GET&quot;,&quot;path&quot;:&quot;/v1/journal&quot;,&quot;wire_version&quot;:&quot;houndd.uds.v1&quot;}]" /></properties></testcase><testcase classname="tests.test_slice3b_hostile" name="test_recoverable_id_framing_failures_get_exactly_one_400[{&quot;body&quot;: {&quot;request_id&quot;:&quot;request-1&quot;},&quot;method&quot;:&quot;GET&quot;,&quot;path&quot;:&quot;/v1/journal&quot;,&quot;wire_version&quot;:&quot;houndd.uds.v1&quot;}]" time="0.328"><properties><property name="hound.slice3b.nodeid" value="tests/test_slice3b_hostile.py::test_recoverable_id_framing_failures_get_exactly_one_400[{&quot;body&quot;: {&quot;request_id&quot;:&quot;request-1&quot;},&quot;method&quot;:&quot;GET&quot;,&quot;path&quot;:&quot;/v1/journal&quot;,&quot;wire_version&quot;:&quot;houndd.uds.v1&quot;}]" /></properties></testcase><testcase classname="tests.test_slice3b_hostile" name="test_recoverable_id_framing_failures_get_exactly_one_400[{&quot;body&quot;:{&quot;operation&quot;:{&quot;name&quot;:&quot;journal.query&quot;,&quot;payload&quot;:{&quot;filter&quot;:{},&quot;limit&quot;:10}},&quot;policy_id&quot;:&quot;policy-reader&quot;,&quot;producer&quot;:{&quot;capability&quot;:&quot;journal.query&quot;,&quot;owner_id&quot;:&quot;reader&quot;,&quot;run_id&quot;:&quot;client-run&quot;},&quot;request_id&quot;:&quot;request-1&quot;,&quot;requested_access&quot;:&quot;workspace&quot;,&quot;schema_version&quot;:&quot;houndd.read-request.v1&quot;},&quot;method&quot;:&quot;GET&quot;,&quot;path&quot;:&quot;/v1/journal&quot;,&quot;wire_version&quot;:&quot;houndd.uds.v1&quot;} ]" time="0.340"><properties><property name="hound.slice3b.nodeid" value="tests/test_slice3b_hostile.py::test_recoverable_id_framing_failures_get_exactly_one_400[{&quot;body&quot;:{&quot;operation&quot;:{&quot;name&quot;:&quot;journal.query&quot;,&quot;payload&quot;:{&quot;filter&quot;:{},&quot;limit&quot;:10}},&quot;policy_id&quot;:&quot;policy-reader&quot;,&quot;producer&quot;:{&quot;capability&quot;:&quot;journal.query&quot;,&quot;owner_id&quot;:&quot;reader&quot;,&quot;run_id&quot;:&quot;client-run&quot;},&quot;request_id&quot;:&quot;request-1&quot;,&quot;requested_access&quot;:&quot;workspace&quot;,&quot;schema_version&quot;:&quot;houndd.read-request.v1&quot;},&quot;method&quot;:&quot;GET&quot;,&quot;path&quot;:&quot;/v1/journal&quot;,&quot;wire_version&quot;:&quot;houndd.uds.v1&quot;} ]" /></properties></testcase><testcase classname="tests.test_slice3b_hostile" name="test_recoverable_id_framing_failures_get_exactly_one_400[{&quot;body&quot;:{&quot;operation&quot;:{&quot;name&quot;:&quot;journal.query&quot;,&quot;payload&quot;:{&quot;filter&quot;:{},&quot;limit&quot;:10}},&quot;policy_id&quot;:&quot;policy-reader&quot;,&quot;producer&quot;:{&quot;capability&quot;:&quot;journal.query&quot;,&quot;owner_id&quot;:&quot;reader&quot;,&quot;run_id&quot;:&quot;client-run&quot;},&quot;request_id&quot;:&quot;request-1&quot;,&quot;requested_access&quot;:&quot;workspace&quot;,&quot;schema_version&quot;:&quot;houndd.read-request.v1&quot;},&quot;method&quot;:&quot;GET&quot;,&quot;path&quot;:&quot;/v1/journal&quot;,&quot;wire_version&quot;:&quot;houndd.uds.v1&quot;}]" time="0.358"><properties><property name="hound.slice3b.nodeid" value="tests/test_slice3b_hostile.py::test_recoverable_id_framing_failures_get_exactly_one_400[{&quot;body&quot;:{&quot;operation&quot;:{&quot;name&quot;:&quot;journal.query&quot;,&quot;payload&quot;:{&quot;filter&quot;:{},&quot;limit&quot;:10}},&quot;policy_id&quot;:&quot;policy-reader&quot;,&quot;producer&quot;:{&quot;capability&quot;:&quot;journal.query&quot;,&quot;owner_id&quot;:&quot;reader&quot;,&quot;run_id&quot;:&quot;client-run&quot;},&quot;request_id&quot;:&quot;request-1&quot;,&quot;requested_access&quot;:&quot;workspace&quot;,&quot;schema_version&quot;:&quot;houndd.read-request.v1&quot;},&quot;method&quot;:&quot;GET&quot;,&quot;path&quot;:&quot;/v1/journal&quot;,&quot;wire_version&quot;:&quot;houndd.uds.v1&quot;}]" /></properties></testcase><testcase classname="tests.test_slice3b_hostile" name="test_preexisting_socket_is_never_replaced_or_cleaned_up" time="0.164"><properties><property name="hound.slice3b.nodeid" value="tests/test_slice3b_hostile.py::test_preexisting_socket_is_never_replaced_or_cleaned_up" /></properties></testcase><testcase classname="tests.test_slice3b_hostile" name="test_shutdown_never_unlinks_a_replacement_socket" time="0.303"><properties><property name="hound.slice3b.nodeid" value="tests/test_slice3b_hostile.py::test_shutdown_never_unlinks_a_replacement_socket" /></properties></testcase><testcase classname="tests.test_slice3b_hostile" name="test_policy_service_rename_to_symlink_fails_closed" time="0.333"><properties><property name="hound.slice3b.nodeid" value="tests/test_slice3b_hostile.py::test_policy_service_rename_to_symlink_fails_closed" /></properties></testcase><testcase classname="tests.test_slice3b_hostile" name="test_policy_id_selects_exactly_one_rule_without_cross_policy_union" time="0.163"><properties><property name="hound.slice3b.nodeid" value="tests/test_slice3b_hostile.py::test_policy_id_selects_exactly_one_rule_without_cross_policy_union" /></properties></testcase><testcase classname="tests.test_slice3b_hostile" name="test_unauthorized_dispatch_never_reaches_journal_or_cursor" time="0.124"><properties><property name="hound.slice3b.nodeid" value="tests/test_slice3b_hostile.py::test_unauthorized_dispatch_never_reaches_journal_or_cursor" /></properties></testcase><testcase classname="tests.test_slice3b_hostile" name="test_fragmented_reader_is_linear_and_requires_eof" time="0.198"><properties><property name="hound.slice3b.nodeid" value="tests/test_slice3b_hostile.py::test_fragmented_reader_is_linear_and_requires_eof" /></properties></testcase><testcase classname="tests.test_slice3b_hostile" name="test_service_startup_recovers_and_verifies_before_identity_or_bind" time="0.123"><properties><property name="hound.slice3b.nodeid" value="tests/test_slice3b_hostile.py::test_service_startup_recovers_and_verifies_before_identity_or_bind" /></properties></testcase><testcase classname="tests.test_slice3b_hostile" name="test_peer_credentials_are_certified_before_any_frame_read" time="0.138"><properties><property name="hound.slice3b.nodeid" value="tests/test_slice3b_hostile.py::test_peer_credentials_are_certified_before_any_frame_read" /></properties></testcase><testcase classname="tests.test_slice3b_hostile" name="test_real_accepted_socket_peer_credential_precedes_dispatch" time="0.139"><properties><property name="hound.slice3b.nodeid" value="tests/test_slice3b_hostile.py::test_real_accepted_socket_peer_credential_precedes_dispatch" /></properties></testcase><testcase classname="tests.test_slice3b_hostile" name="test_idle_or_reset_client_cannot_terminate_server_and_later_query_succeeds" time="0.502"><properties><property name="hound.slice3b.nodeid" value="tests/test_slice3b_hostile.py::test_idle_or_reset_client_cannot_terminate_server_and_later_query_succeeds" /></properties></testcase><testcase classname="tests.test_slice3b_hostile" name="test_close_wakes_an_accept_blocked_server_thread_without_unlinking_replacement" time="0.374"><properties><property name="hound.slice3b.nodeid" value="tests/test_slice3b_hostile.py::test_close_wakes_an_accept_blocked_server_thread_without_unlinking_replacement" /></properties></testcase><testcase classname="tests.test_slice3b_hostile" name="test_child_close_releases_inherited_fds_without_unlocking_parent_or_socket" time="0.216"><properties><property name="hound.slice3b.nodeid" value="tests/test_slice3b_hostile.py::test_child_close_releases_inherited_fds_without_unlocking_parent_or_socket" /></properties></testcase><testcase classname="tests.test_slice3b_hostile" name="test_forked_child_cannot_serve_or_unlink_parent_socket" time="0.148"><properties><property name="hound.slice3b.nodeid" value="tests/test_slice3b_hostile.py::test_forked_child_cannot_serve_or_unlink_parent_socket" /></properties></testcase><testcase classname="tests.test_slice3b_hostile" name="test_service_open_close_is_fd_flat_and_removes_only_its_socket" time="0.270"><properties><property name="hound.slice3b.nodeid" value="tests/test_slice3b_hostile.py::test_service_open_close_is_fd_flat_and_removes_only_its_socket" /></properties></testcase><testcase classname="tests.test_slice3b_hostile" name="test_xdg_default_refuses_missing_or_relative_runtime_and_explicit_socket_lifecycle" time="0.004"><properties><property name="hound.slice3b.nodeid" value="tests/test_slice3b_hostile.py::test_xdg_default_refuses_missing_or_relative_runtime_and_explicit_socket_lifecycle" /></properties></testcase><testcase classname="tests.test_slice3b_hostile" name="test_cursor_hwm_restart_key_and_principal_isolation" time="0.369"><properties><property name="hound.slice3b.nodeid" value="tests/test_slice3b_hostile.py::test_cursor_hwm_restart_key_and_principal_isolation" /></properties></testcase><testcase classname="tests.test_slice3b_hostile" name="test_fake_server_canonical_but_semantically_invalid_reply_exits_five" time="0.166"><properties><property name="hound.slice3b.nodeid" value="tests/test_slice3b_hostile.py::test_fake_server_canonical_but_semantically_invalid_reply_exits_five" /></properties></testcase><testcase classname="tests.test_slice3b_hostile" name="test_socket_client_import_scan_and_isolated_wheel" time="1.250"><properties><property name="hound.slice3b.nodeid" value="tests/test_slice3b_hostile.py::test_socket_client_import_scan_and_isolated_wheel" /></properties></testcase><testcase classname="tests.test_slice3b_hostile" name="test_socket_only_client_rejects_semantically_invalid_canonical_responses[200-body_values0]" time="0.002"><properties><property name="hound.slice3b.nodeid" value="tests/test_slice3b_hostile.py::test_socket_only_client_rejects_semantically_invalid_canonical_responses[200-body_values0]" /></properties></testcase><testcase classname="tests.test_slice3b_hostile" name="test_socket_only_client_rejects_semantically_invalid_canonical_responses[400-body_values1]" time="0.000"><properties><property name="hound.slice3b.nodeid" value="tests/test_slice3b_hostile.py::test_socket_only_client_rejects_semantically_invalid_canonical_responses[400-body_values1]" /></properties></testcase><testcase classname="tests.test_slice3b_hostile" name="test_socket_only_client_rejects_semantically_invalid_canonical_responses[404-body_values2]" time="0.000"><properties><property name="hound.slice3b.nodeid" value="tests/test_slice3b_hostile.py::test_socket_only_client_rejects_semantically_invalid_canonical_responses[404-body_values2]" /></properties></testcase><testcase classname="tests.test_slice3b_hostile" name="test_socket_only_client_rejects_semantically_invalid_canonical_responses[503-body_values3]" time="0.000"><properties><property name="hound.slice3b.nodeid" value="tests/test_slice3b_hostile.py::test_socket_only_client_rejects_semantically_invalid_canonical_responses[503-body_values3]" /></properties></testcase><testcase classname="tests.test_slice3b_hostile" name="test_socket_only_client_rejects_semantically_invalid_canonical_responses[200-body_values4]" time="0.000"><properties><property name="hound.slice3b.nodeid" value="tests/test_slice3b_hostile.py::test_socket_only_client_rejects_semantically_invalid_canonical_responses[200-body_values4]" /></properties></testcase><testcase classname="tests.test_slice3b_hostile" name="test_socket_only_client_rejects_semantically_invalid_canonical_responses[200-body_values5]" time="0.000"><properties><property name="hound.slice3b.nodeid" value="tests/test_slice3b_hostile.py::test_socket_only_client_rejects_semantically_invalid_canonical_responses[200-body_values5]" /></properties></testcase><testcase classname="tests.test_slice3b_hostile" name="test_socket_only_client_accepts_exact_response_and_has_no_legacy_imports" time="0.002"><properties><property name="hound.slice3b.nodeid" value="tests/test_slice3b_hostile.py::test_socket_only_client_accepts_exact_response_and_has_no_legacy_imports" /></properties></testcase><testcase classname="tests.test_slice3b_hostile" name="test_socket_client_rejects_oversized_response_before_payload_allocation" time="0.001"><properties><property name="hound.slice3b.nodeid" value="tests/test_slice3b_hostile.py::test_socket_client_rejects_oversized_response_before_payload_allocation" /></properties></testcase><testcase classname="tests.test_slice3b_hostile" name="test_resolved_authorized_empty_query_returns_canonical_completed_response[no_authorized_headers]" time="0.132"><properties><property name="hound.slice3b.nodeid" value="tests/test_slice3b_hostile.py::test_resolved_authorized_empty_query_returns_canonical_completed_response[no_authorized_headers]" /></properties></testcase><testcase classname="tests.test_slice3b_hostile" name="test_resolved_authorized_empty_query_returns_canonical_completed_response[filter_matches_zero]" time="0.134"><properties><property name="hound.slice3b.nodeid" value="tests/test_slice3b_hostile.py::test_resolved_authorized_empty_query_returns_canonical_completed_response[filter_matches_zero]" /></properties></testcase><testcase classname="tests.test_slice3b_hostile" name="test_oversized_authorized_event_returns_one_bounded_503" time="0.310"><properties><property name="hound.slice3b.nodeid" value="tests/test_slice3b_hostile.py::test_oversized_authorized_event_returns_one_bounded_503" /></properties></testcase><testcase classname="tests.test_slice3b_hostile" name="test_byte_bounded_pages_preserve_cursor_order_without_loss_or_duplication" time="0.552"><properties><property name="hound.slice3b.nodeid" value="tests/test_slice3b_hostile.py::test_byte_bounded_pages_preserve_cursor_order_without_loss_or_duplication" /></properties></testcase><testcase classname="tests.test_slice3b_hostile" name="test_query_engine_materializes_only_selected_items" time="0.029"><properties><property name="hound.slice3b.nodeid" value="tests/test_slice3b_hostile.py::test_query_engine_materializes_only_selected_items" /></properties></testcase><testcase classname="tests.test_slice3b_observations" name="test_slice3b_live_observations_are_emitted_only_for_the_evidence_runner" time="0.000"><properties><property name="hound.slice3b.nodeid" value="tests/test_slice3b_observations.py::test_slice3b_live_observations_are_emitted_only_for_the_evidence_runner" /><property name="hound.slice3b.observation" value="{&quot;named_tests&quot;:[&quot;tests/test_slice3b_observations.py::test_slice3b_live_observations_are_emitted_only_for_the_evidence_runner&quot;],&quot;producer&quot;:{&quot;classname&quot;:&quot;tests.test_slice3b_observations&quot;,&quot;name&quot;:&quot;test_slice3b_live_observations_are_emitted_only_for_the_evidence_runner&quot;,&quot;node_id&quot;:&quot;tests/test_slice3b_observations.py::test_slice3b_live_observations_are_emitted_only_for_the_evidence_runner&quot;},&quot;schema_version&quot;:&quot;houndd.slice3b.live-observations.v1&quot;,&quot;wire&quot;:{&quot;encoded_json_limit&quot;:1048576,&quot;version&quot;:&quot;houndd.uds.v1&quot;}}" /></properties></testcase><testcase classname="tests.test_slice3b_evidence" name="test_verifier_rejects_resealed_non_exact_collection_exit_code[False]" time="1.305"><properties><property name="hound.slice3b.nodeid" value="tests/test_slice3b_evidence.py::test_verifier_rejects_resealed_non_exact_collection_exit_code[False]" /></properties></testcase><testcase classname="tests.test_slice3b_evidence" name="test_verifier_rejects_resealed_non_exact_collection_exit_code[0.0]" time="1.133"><properties><property name="hound.slice3b.nodeid" value="tests/test_slice3b_evidence.py::test_verifier_rejects_resealed_non_exact_collection_exit_code[0.0]" /></properties></testcase><testcase classname="tests.test_slice3b_evidence" name="test_verifier_rejects_resealed_non_exact_collection_exit_code[-0.0]" time="1.074"><properties><property name="hound.slice3b.nodeid" value="tests/test_slice3b_evidence.py::test_verifier_rejects_resealed_non_exact_collection_exit_code[-0.0]" /></properties></testcase><testcase classname="tests.test_slice3b_evidence" name="test_verifier_rejects_resealed_non_exact_collection_exit_code[True]" time="1.165"><properties><property name="hound.slice3b.nodeid" value="tests/test_slice3b_evidence.py::test_verifier_rejects_resealed_non_exact_collection_exit_code[True]" /></properties></testcase><testcase classname="tests.test_slice3b_evidence" name="test_verifier_rejects_resealed_non_exact_collection_exit_code[1]" time="1.047"><properties><property name="hound.slice3b.nodeid" value="tests/test_slice3b_evidence.py::test_verifier_rejects_resealed_non_exact_collection_exit_code[1]" /></properties></testcase><testcase classname="tests.test_slice3b_evidence" name="test_verifier_rejects_resealed_non_exact_observation_limit[1048576.0]" time="1.487"><properties><property name="hound.slice3b.nodeid" value="tests/test_slice3b_evidence.py::test_verifier_rejects_resealed_non_exact_observation_limit[1048576.0]" /></properties></testcase><testcase classname="tests.test_slice3b_evidence" name="test_verifier_rejects_resealed_non_exact_observation_limit[True]" time="1.358"><properties><property name="hound.slice3b.nodeid" value="tests/test_slice3b_evidence.py::test_verifier_rejects_resealed_non_exact_observation_limit[True]" /></properties></testcase><testcase classname="tests.test_slice3b_evidence" name="test_verifier_rejects_resealed_non_exact_interpreter_version[3.0]" time="0.781"><properties><property name="hound.slice3b.nodeid" value="tests/test_slice3b_evidence.py::test_verifier_rejects_resealed_non_exact_interpreter_version[3.0]" /></properties></testcase><testcase classname="tests.test_slice3b_evidence" name="test_verifier_rejects_resealed_non_exact_interpreter_version[True]" time="0.836"><properties><property name="hound.slice3b.nodeid" value="tests/test_slice3b_evidence.py::test_verifier_rejects_resealed_non_exact_interpreter_version[True]" /></properties></testcase><testcase classname="tests.test_slice3b_evidence" name="test_generator_rejects_non_exact_interpreter_version[3.0]" time="0.001"><properties><property name="hound.slice3b.nodeid" value="tests/test_slice3b_evidence.py::test_generator_rejects_non_exact_interpreter_version[3.0]" /></properties></testcase><testcase classname="tests.test_slice3b_evidence" name="test_generator_rejects_non_exact_interpreter_version[True]" time="0.001"><properties><property name="hound.slice3b.nodeid" value="tests/test_slice3b_evidence.py::test_generator_rejects_non_exact_interpreter_version[True]" /></properties></testcase><testcase classname="tests.test_slice3b_evidence" name="test_verifier_rejects_noncanonical_junit_counter_after_reseal" time="1.610"><properties><property name="hound.slice3b.nodeid" value="tests/test_slice3b_evidence.py::test_verifier_rejects_noncanonical_junit_counter_after_reseal" /></properties></testcase><testcase classname="tests.test_slice3b_evidence" name="test_verifier_binds_isolated_source_argv_nodes_and_typed_observations" time="1.509"><properties><property name="hound.slice3b.nodeid" value="tests/test_slice3b_evidence.py::test_verifier_binds_isolated_source_argv_nodes_and_typed_observations" /></properties></testcase><testcase classname="tests.test_slice3b_evidence" name="test_generator_runs_the_exact_commit_in_an_isolated_checkout" time="2.607"><properties><property name="hound.slice3b.nodeid" value="tests/test_slice3b_evidence.py::test_generator_runs_the_exact_commit_in_an_isolated_checkout" /></properties></testcase><testcase classname="tests.test_slice3b_evidence" name="test_test_selection_runs_the_verifier_regressions" time="0.001"><properties><property name="hound.slice3b.nodeid" value="tests/test_slice3b_evidence.py::test_test_selection_runs_the_verifier_regressions" /></properties></testcase><testcase classname="tests.test_slice3b_evidence" name="test_retained_selection_includes_final_integrity_without_recursive_generation" time="2.424"><properties><property name="hound.slice3b.nodeid" value="tests/test_slice3b_evidence.py::test_retained_selection_includes_final_integrity_without_recursive_generation" /></properties></testcase><testcase classname="tests.test_slice3b_evidence" name="test_source_closure_is_every_tracked_regular_source_and_python_test_file" time="0.855"><properties><property name="hound.slice3b.nodeid" value="tests/test_slice3b_evidence.py::test_source_closure_is_every_tracked_regular_source_and_python_test_file" /></properties></testcase><testcase classname="tests.test_slice3b_evidence" name="test_verifier_rejects_trimmed_resealed_junit" time="1.352"><properties><property name="hound.slice3b.nodeid" value="tests/test_slice3b_evidence.py::test_verifier_rejects_trimmed_resealed_junit" /></properties></testcase><testcase classname="tests.test_slice3b_evidence" name="test_verifier_rejects_wrong_passing_observation_producer" time="1.541"><properties><property name="hound.slice3b.nodeid" value="tests/test_slice3b_evidence.py::test_verifier_rejects_wrong_passing_observation_producer" /></properties></testcase><testcase classname="tests.test_slice3b_evidence" name="test_verifier_rejects_observation_property_moved_to_another_passing_test" time="1.527"><properties><property name="hound.slice3b.nodeid" value="tests/test_slice3b_evidence.py::test_verifier_rejects_observation_property_moved_to_another_passing_test" /></properties></testcase><testcase classname="tests.test_slice3b_evidence" name="test_verifier_rejects_noncanonical_braced_run_uuid" time="0.897"><properties><property name="hound.slice3b.nodeid" value="tests/test_slice3b_evidence.py::test_verifier_rejects_noncanonical_braced_run_uuid" /></properties></testcase><testcase classname="tests.test_slice3b_evidence" name="test_generator_rejects_noncanonical_braced_run_uuid" time="1.002"><properties><property name="hound.slice3b.nodeid" value="tests/test_slice3b_evidence.py::test_generator_rejects_noncanonical_braced_run_uuid" /></properties></testcase><testcase classname="tests.test_slice3b_evidence" name="test_generator_and_verifier_ignore_malicious_ambient_git" time="2.893"><properties><property name="hound.slice3b.nodeid" value="tests/test_slice3b_evidence.py::test_generator_and_verifier_ignore_malicious_ambient_git" /></properties></testcase><testcase classname="tests.test_slice3b_evidence" name="test_verifier_rejects_duplicate_manifest_and_collection_keys" time="2.250"><properties><property name="hound.slice3b.nodeid" value="tests/test_slice3b_evidence.py::test_verifier_rejects_duplicate_manifest_and_collection_keys" /></properties></testcase><testcase classname="tests.test_slice3b_evidence" name="test_verifier_rejects_noncanonical_json_whitespace_after_reseal[run-manifest.json]" time="0.864"><properties><property name="hound.slice3b.nodeid" value="tests/test_slice3b_evidence.py::test_verifier_rejects_noncanonical_json_whitespace_after_reseal[run-manifest.json]" /></properties></testcase><testcase classname="tests.test_slice3b_evidence" name="test_verifier_rejects_noncanonical_json_whitespace_after_reseal[slice3b-collection.json]" time="1.401"><properties><property name="hound.slice3b.nodeid" value="tests/test_slice3b_evidence.py::test_verifier_rejects_noncanonical_json_whitespace_after_reseal[slice3b-collection.json]" /></properties></testcase><testcase classname="tests.test_slice3b_evidence" name="test_verifier_rejects_noncanonical_json_whitespace_after_reseal[observations.json]" time="1.550"><properties><property name="hound.slice3b.nodeid" value="tests/test_slice3b_evidence.py::test_verifier_rejects_noncanonical_json_whitespace_after_reseal[observations.json]" /></properties></testcase><testcase classname="tests.test_slice3b_evidence" name="test_verifier_rejects_forged_bindings[argv]" time="0.770"><properties><property name="hound.slice3b.nodeid" value="tests/test_slice3b_evidence.py::test_verifier_rejects_forged_bindings[argv]" /></properties></testcase><testcase classname="tests.test_slice3b_evidence" name="test_verifier_rejects_forged_bindings[node]" time="1.574"><properties><property name="hound.slice3b.nodeid" value="tests/test_slice3b_evidence.py::test_verifier_rejects_forged_bindings[node]" /></properties></testcase><testcase classname="tests.test_slice3b_evidence" name="test_verifier_rejects_forged_bindings[source]" time="0.786"><properties><property name="hound.slice3b.nodeid" value="tests/test_slice3b_evidence.py::test_verifier_rejects_forged_bindings[source]" /></properties></testcase><testcase classname="tests.test_slice3b_evidence" name="test_verifier_rejects_forged_bindings[observation]" time="1.667"><properties><property name="hound.slice3b.nodeid" value="tests/test_slice3b_evidence.py::test_verifier_rejects_forged_bindings[observation]" /></properties></testcase><testcase classname="tests.test_slice3b_evidence" name="test_verifier_rejects_forged_bindings[run]" time="0.761"><properties><property name="hound.slice3b.nodeid" value="tests/test_slice3b_evidence.py::test_verifier_rejects_forged_bindings[run]" /></properties></testcase><testcase classname="tests.test_slice3b_evidence" name="test_verifier_rejects_forged_bindings[thread]" time="0.842"><properties><property name="hound.slice3b.nodeid" value="tests/test_slice3b_evidence.py::test_verifier_rejects_forged_bindings[thread]" /></properties></testcase><testcase classname="tests.test_slice3b_evidence" name="test_verifier_rejects_forged_bindings[interpreter]" time="0.837"><properties><property name="hound.slice3b.nodeid" value="tests/test_slice3b_evidence.py::test_verifier_rejects_forged_bindings[interpreter]" /></properties></testcase><testcase classname="tests.test_slice3b_evidence" name="test_verifier_rejects_forged_bindings[git]" time="0.811"><properties><property name="hound.slice3b.nodeid" value="tests/test_slice3b_evidence.py::test_verifier_rejects_forged_bindings[git]" /></properties></testcase><testcase classname="tests.test_slice3b_evidence" name="test_verifier_rejects_omitted_test_support_source[README.md]" time="1.054"><properties><property name="hound.slice3b.nodeid" value="tests/test_slice3b_evidence.py::test_verifier_rejects_omitted_test_support_source[README.md]" /></properties></testcase><testcase classname="tests.test_slice3b_evidence" name="test_verifier_rejects_omitted_test_support_source[LICENSE.md]" time="0.988"><properties><property name="hound.slice3b.nodeid" value="tests/test_slice3b_evidence.py::test_verifier_rejects_omitted_test_support_source[LICENSE.md]" /></properties></testcase><testcase classname="tests.test_slice3b_evidence" name="test_verifier_rejects_omitted_test_support_source[src/hound_web_adapters/__init__.py]" time="0.826"><properties><property name="hound.slice3b.nodeid" value="tests/test_slice3b_evidence.py::test_verifier_rejects_omitted_test_support_source[src/hound_web_adapters/__init__.py]" /></properties></testcase><testcase classname="tests.test_slice3b_evidence" name="test_verifier_rejects_omitted_test_support_source[src/hound_web_adapters/resource.txt]" time="0.907"><properties><property name="hound.slice3b.nodeid" value="tests/test_slice3b_evidence.py::test_verifier_rejects_omitted_test_support_source[src/hound_web_adapters/resource.txt]" /></properties></testcase><testcase classname="tests.test_slice3b_evidence" name="test_verifier_rejects_omitted_test_support_source[src/houndd/schema.json]" time="0.834"><properties><property name="hound.slice3b.nodeid" value="tests/test_slice3b_evidence.py::test_verifier_rejects_omitted_test_support_source[src/houndd/schema.json]" /></properties></testcase><testcase classname="tests.test_slice3b_evidence" name="test_verifier_rejects_omitted_test_support_source[tests/__init__.py]" time="0.844"><properties><property name="hound.slice3b.nodeid" value="tests/test_slice3b_evidence.py::test_verifier_rejects_omitted_test_support_source[tests/__init__.py]" /></properties></testcase><testcase classname="tests.test_slice3b_evidence" name="test_verifier_rejects_omitted_test_support_source[tests/conftest.py]" time="0.930"><properties><property name="hound.slice3b.nodeid" value="tests/test_slice3b_evidence.py::test_verifier_rejects_omitted_test_support_source[tests/conftest.py]" /></properties></testcase><testcase classname="tests.test_slice3b_evidence" name="test_verifier_rejects_omitted_test_support_source[tests/test_hsp08_durable_query.py]" time="0.797"><properties><property name="hound.slice3b.nodeid" value="tests/test_slice3b_evidence.py::test_verifier_rejects_omitted_test_support_source[tests/test_hsp08_durable_query.py]" /></properties></testcase><testcase classname="tests.test_slice3b_evidence" name="test_verifier_rejects_omitted_test_support_source[tests/slice3a_evidence_capture.py]" time="0.784"><properties><property name="hound.slice3b.nodeid" value="tests/test_slice3b_evidence.py::test_verifier_rejects_omitted_test_support_source[tests/slice3a_evidence_capture.py]" /></properties></testcase><testcase classname="tests.test_slice3b_evidence" name="test_verifier_rejects_omitted_test_support_source[tests/test_hsp08_query_engine.py]" time="0.935"><properties><property name="hound.slice3b.nodeid" value="tests/test_slice3b_evidence.py::test_verifier_rejects_omitted_test_support_source[tests/test_hsp08_query_engine.py]" /></properties></testcase><testcase classname="tests.test_slice3b_evidence" name="test_verifier_rejects_nonexact_evidence_inventory[extra]" time="0.764"><properties><property name="hound.slice3b.nodeid" value="tests/test_slice3b_evidence.py::test_verifier_rejects_nonexact_evidence_inventory[extra]" /></properties></testcase><testcase classname="tests.test_slice3b_evidence" name="test_verifier_rejects_nonexact_evidence_inventory[nested]" time="0.893"><properties><property name="hound.slice3b.nodeid" value="tests/test_slice3b_evidence.py::test_verifier_rejects_nonexact_evidence_inventory[nested]" /></properties></testcase><testcase classname="tests.test_slice3b_evidence" name="test_verifier_rejects_nonexact_evidence_inventory[symlink]" time="0.873"><properties><property name="hound.slice3b.nodeid" value="tests/test_slice3b_evidence.py::test_verifier_rejects_nonexact_evidence_inventory[symlink]" /></properties></testcase><testcase classname="tests.test_slice3b_evidence" name="test_verifier_detects_altered_imported_hound_cli_source" time="0.843"><properties><property name="hound.slice3b.nodeid" value="tests/test_slice3b_evidence.py::test_verifier_detects_altered_imported_hound_cli_source" /></properties></testcase><testcase classname="tests.test_slice3b_final_evidence_integrity" name="test_source_closure_rejects_nonregular_tracked_targets[src/houndd/linked.py]" time="0.882"><properties><property name="hound.slice3b.nodeid" value="tests/test_slice3b_final_evidence_integrity.py::test_source_closure_rejects_nonregular_tracked_targets[src/houndd/linked.py]" /></properties></testcase><testcase classname="tests.test_slice3b_final_evidence_integrity" name="test_source_closure_rejects_nonregular_tracked_targets[tests/test_linked.py]" time="0.882"><properties><property name="hound.slice3b.nodeid" value="tests/test_slice3b_final_evidence_integrity.py::test_source_closure_rejects_nonregular_tracked_targets[tests/test_linked.py]" /></properties></testcase><testcase classname="tests.test_slice3b_final_evidence_integrity" name="test_verifier_rejects_extra_source_binding_even_when_resealed" time="1.017"><properties><property name="hound.slice3b.nodeid" value="tests/test_slice3b_final_evidence_integrity.py::test_verifier_rejects_extra_source_binding_even_when_resealed" /></properties></testcase><testcase classname="tests.test_slice3b_final_evidence_integrity" name="test_exact_hard_coded_passing_producer_with_one_property_is_accepted" time="1.396"><properties><property name="hound.slice3b.nodeid" value="tests/test_slice3b_final_evidence_integrity.py::test_exact_hard_coded_passing_producer_with_one_property_is_accepted" /></properties></testcase><testcase classname="tests.test_slice3b_final_evidence_integrity" name="test_verifier_rejects_nonfinite_json_at_every_evidence_boundary[NaN-run-manifest.json]" time="1.003"><properties><property name="hound.slice3b.nodeid" value="tests/test_slice3b_final_evidence_integrity.py::test_verifier_rejects_nonfinite_json_at_every_evidence_boundary[NaN-run-manifest.json]" /></properties></testcase><testcase classname="tests.test_slice3b_final_evidence_integrity" name="test_verifier_rejects_nonfinite_json_at_every_evidence_boundary[NaN-slice3b-collection.json]" time="1.146"><properties><property name="hound.slice3b.nodeid" value="tests/test_slice3b_final_evidence_integrity.py::test_verifier_rejects_nonfinite_json_at_every_evidence_boundary[NaN-slice3b-collection.json]" /></properties></testcase><testcase classname="tests.test_slice3b_final_evidence_integrity" name="test_verifier_rejects_nonfinite_json_at_every_evidence_boundary[NaN-observations.json]" time="1.476"><properties><property name="hound.slice3b.nodeid" value="tests/test_slice3b_final_evidence_integrity.py::test_verifier_rejects_nonfinite_json_at_every_evidence_boundary[NaN-observations.json]" /></properties></testcase><testcase classname="tests.test_slice3b_final_evidence_integrity" name="test_verifier_rejects_nonfinite_json_at_every_evidence_boundary[Infinity-run-manifest.json]" time="0.825"><properties><property name="hound.slice3b.nodeid" value="tests/test_slice3b_final_evidence_integrity.py::test_verifier_rejects_nonfinite_json_at_every_evidence_boundary[Infinity-run-manifest.json]" /></properties></testcase><testcase classname="tests.test_slice3b_final_evidence_integrity" name="test_verifier_rejects_nonfinite_json_at_every_evidence_boundary[Infinity-slice3b-collection.json]" time="1.171"><properties><property name="hound.slice3b.nodeid" value="tests/test_slice3b_final_evidence_integrity.py::test_verifier_rejects_nonfinite_json_at_every_evidence_boundary[Infinity-slice3b-collection.json]" /></properties></testcase><testcase classname="tests.test_slice3b_final_evidence_integrity" name="test_verifier_rejects_nonfinite_json_at_every_evidence_boundary[Infinity-observations.json]" time="1.450"><properties><property name="hound.slice3b.nodeid" value="tests/test_slice3b_final_evidence_integrity.py::test_verifier_rejects_nonfinite_json_at_every_evidence_boundary[Infinity-observations.json]" /></properties></testcase><testcase classname="tests.test_slice3b_final_evidence_integrity" name="test_verifier_rejects_nonfinite_json_at_every_evidence_boundary[-Infinity-run-manifest.json]" time="0.988"><properties><property name="hound.slice3b.nodeid" value="tests/test_slice3b_final_evidence_integrity.py::test_verifier_rejects_nonfinite_json_at_every_evidence_boundary[-Infinity-run-manifest.json]" /></properties></testcase><testcase classname="tests.test_slice3b_final_evidence_integrity" name="test_verifier_rejects_nonfinite_json_at_every_evidence_boundary[-Infinity-slice3b-collection.json]" time="1.305"><properties><property name="hound.slice3b.nodeid" value="tests/test_slice3b_final_evidence_integrity.py::test_verifier_rejects_nonfinite_json_at_every_evidence_boundary[-Infinity-slice3b-collection.json]" /></properties></testcase><testcase classname="tests.test_slice3b_final_evidence_integrity" name="test_verifier_rejects_nonfinite_json_at_every_evidence_boundary[-Infinity-observations.json]" time="1.361"><properties><property name="hound.slice3b.nodeid" value="tests/test_slice3b_final_evidence_integrity.py::test_verifier_rejects_nonfinite_json_at_every_evidence_boundary[-Infinity-observations.json]" /></properties></testcase><testcase classname="tests.test_slice3b_final_evidence_integrity" name="test_verifier_rejects_duplicate_observation_keys_after_reseal" time="1.540"><properties><property name="hound.slice3b.nodeid" value="tests/test_slice3b_final_evidence_integrity.py::test_verifier_rejects_duplicate_observation_keys_after_reseal" /></properties></testcase><testcase classname="tests.test_slice3b_final_evidence_integrity" name="test_verifier_binds_observation_to_the_exact_unique_passing_testcase[missing]" time="1.411"><properties><property name="hound.slice3b.nodeid" value="tests/test_slice3b_final_evidence_integrity.py::test_verifier_binds_observation_to_the_exact_unique_passing_testcase[missing]" /></properties></testcase><testcase classname="tests.test_slice3b_final_evidence_integrity" name="test_verifier_binds_observation_to_the_exact_unique_passing_testcase[duplicate]" time="1.626"><properties><property name="hound.slice3b.nodeid" value="tests/test_slice3b_final_evidence_integrity.py::test_verifier_binds_observation_to_the_exact_unique_passing_testcase[duplicate]" /></properties></testcase><testcase classname="tests.test_slice3b_final_evidence_integrity" name="test_verifier_binds_observation_to_the_exact_unique_passing_testcase[wrong_node]" time="1.477"><properties><property name="hound.slice3b.nodeid" value="tests/test_slice3b_final_evidence_integrity.py::test_verifier_binds_observation_to_the_exact_unique_passing_testcase[wrong_node]" /></properties></testcase><testcase classname="tests.test_slice3b_final_evidence_integrity" name="test_verifier_binds_observation_to_the_exact_unique_passing_testcase[wrong_case]" time="1.495"><properties><property name="hound.slice3b.nodeid" value="tests/test_slice3b_final_evidence_integrity.py::test_verifier_binds_observation_to_the_exact_unique_passing_testcase[wrong_case]" /></properties></testcase><testcase classname="tests.test_slice3b_final_evidence_integrity" name="test_verifier_rejects_a_canonical_producer_property_that_mismatches_observations" time="1.653"><properties><property name="hound.slice3b.nodeid" value="tests/test_slice3b_final_evidence_integrity.py::test_verifier_rejects_a_canonical_producer_property_that_mismatches_observations" /></properties></testcase><testcase classname="tests.test_slice3b_final_evidence_integrity" name="test_trusted_git_fingerprint_is_stable_after_resolution" time="1.028"><properties><property name="hound.slice3b.nodeid" value="tests/test_slice3b_final_evidence_integrity.py::test_trusted_git_fingerprint_is_stable_after_resolution" /></properties></testcase><testcase classname="tests.test_slice3b_final_evidence_integrity" name="test_trusted_git_fingerprint_rejects_an_unreadable_executable_before_execution" time="0.883"><properties><property name="hound.slice3b.nodeid" value="tests/test_slice3b_final_evidence_integrity.py::test_trusted_git_fingerprint_rejects_an_unreadable_executable_before_execution" /></properties></testcase></testsuite></testsuites>