<?xml version="1.0" encoding="utf-8"?><testsuites name="pytest tests"><testsuite name="pytest" errors="0" failures="0" skipped="0" tests="10" time="2.719" timestamp="2026-08-01T12:41:05.817704+00:00" hostname="atum"><testcase classname="tests.test_slice3b_service" name="test_slice3b_subprocess_peer_query_strict_frame_and_permissions" time="0.263" /><testcase classname="tests.test_slice3b_service" name="test_slice3b_rejects_bad_frame_or_raw_path_without_leaking[\x00\x00\x00\x00]" time="0.237" /><testcase classname="tests.test_slice3b_service" name="test_slice3b_rejects_bad_frame_or_raw_path_without_leaking[\x00\x10\x00\x01]" time="0.237" /><testcase classname="tests.test_slice3b_service" name="test_slice3b_rejects_bad_frame_or_raw_path_without_leaking[\x00\x00\x00\x03{}]" time="0.235" /><testcase classname="tests.test_slice3b_service" name="test_slice3b_rejects_bad_frame_or_raw_path_without_leaking[\x00\x00\x01k{&quot;body&quot;:{&quot;operation&quot;:{&quot;name&quot;:&quot;journal.query&quot;,&quot;payload&quot;:{&quot;filter&quot;:{},&quot;limit&quot;:10}},&quot;policy_id&quot;:&quot;policy-reader&quot;,&quot;producer&quot;:{&quot;capability&quot;:&quot;journal.query&quot;,&quot;owner_id&quot;:&quot;reader&quot;,&quot;run_id&quot;:&quot;client-run&quot;},&quot;request_id&quot;:&quot;request-1&quot;,&quot;requested_access&quot;:&quot;workspace&quot;,&quot;schema_version&quot;:&quot;houndd.read-request.v1&quot;},&quot;method&quot;:&quot;GET&quot;,&quot;path&quot;:&quot;/v1/journal?x=1&quot;,&quot;wire_version&quot;:&quot;houndd.uds.v1&quot;}]" time="0.236" /><testcase classname="tests.test_slice3b_service" name="test_slice3b_rejects_bad_frame_or_raw_path_without_leaking[\x00\x00\x01g{&quot;body&quot;:{&quot;operation&quot;:{&quot;name&quot;:&quot;journal.query&quot;,&quot;payload&quot;:{&quot;filter&quot;:{},&quot;limit&quot;:10}},&quot;policy_id&quot;:&quot;policy-reader&quot;,&quot;producer&quot;:{&quot;capability&quot;:&quot;journal.query&quot;,&quot;owner_id&quot;:&quot;reader&quot;,&quot;run_id&quot;:&quot;client-run&quot;},&quot;request_id&quot;:&quot;request-1&quot;,&quot;requested_access&quot;:&quot;workspace&quot;,&quot;schema_version&quot;:&quot;houndd.read-request.v1&quot;},&quot;method&quot;:&quot;GET&quot;,&quot;path&quot;:&quot;/v1/journal&quot;,&quot;wire_version&quot;:&quot;houndd.uds.v1&quot;}x]" time="0.240" /><testcase classname="tests.test_slice3b_service" name="test_slice3b_policy_ceiling_and_replacement_fail_closed" time="0.258" /><testcase classname="tests.test_slice3b_service" name="test_slice3b_cli_query_maps_service_statuses" time="0.361" /><testcase classname="tests.test_slice3b_service" name="test_slice3b_cli_exit_matrix_has_no_direct_fallback" time="0.536" /><testcase classname="tests.test_slice3b_service" name="test_slice3b_body_limit_is_explicit_and_checked_before_parse" time="0.035" /></testsuite></testsuites>